[]
{"game_id":"121212","nickname":"玩家昵称","gold":"0","head":""}
{"game_id":"12121","nickname":"玩家昵称","gold":"0","head":""}
[]
[]
[]
[]
[]
[]
[]
{"game_id":"100046","nickname":"下次v吃许多等等","gold":"6","head":"http:\/\/g.hiphotos.baidu.com\/image\/pic\/item\/08f790529822720eb25fa86479cb0a46f31fab9f.jpg"}
{"game_id":"100047","nickname":"吃v办法但是","gold":"6","head":"http:\/\/g.hiphotos.baidu.com\/image\/pic\/item\/08f790529822720eb25fa86479cb0a46f31fab9f.jpg"}
[]
[]
{"game_id":"100048","nickname":"是的分无法下次不行","gold":"6","head":"http:\/\/g.hiphotos.baidu.com\/image\/pic\/item\/08f790529822720eb25fa86479cb0a46f31fab9f.jpg"}
[]
{"game_id":"100049","nickname":"水电费人温柔温柔","gold":"6","head":"http:\/\/g.hiphotos.baidu.com\/image\/pic\/item\/08f790529822720eb25fa86479cb0a46f31fab9f.jpg"}
[]
[]
[]
[]
