2017-06-08 21:08:59 [127.0.0.1][-][9qqfkumcrge5sn0c1aluf9pn45][error][yii\db\Exception] exception 'PDOException' with message 'SQLSTATE[HY000] [1045] Access denied for user 'root'@'localhost' (using password: YES)' in D:\angke-game_standard-master\game_standard-master\vendor\yiisoft\yii2\db\Connection.php:630
Stack trace:
#0 D:\angke-game_standard-master\game_standard-master\vendor\yiisoft\yii2\db\Connection.php(630): PDO->__construct('mysql:host=127....', 'root', 'root', NULL)
#1 D:\angke-game_standard-master\game_standard-master\vendor\yiisoft\yii2\db\Connection.php(563): yii\db\Connection->createPdoInstance()
#2 D:\angke-game_standard-master\game_standard-master\vendor\yiisoft\yii2\db\Connection.php(896): yii\db\Connection->open()
#3 D:\angke-game_standard-master\game_standard-master\vendor\yiisoft\yii2\db\Connection.php(883): yii\db\Connection->getMasterPdo()
#4 D:\angke-game_standard-master\game_standard-master\vendor\yiisoft\yii2\db\Command.php(219): yii\db\Connection->getSlavePdo()
#5 D:\angke-game_standard-master\game_standard-master\vendor\yiisoft\yii2\db\Command.php(896): yii\db\Command->prepare('<span class="ke...')
#6 D:\angke-game_standard-master\game_standard-master\vendor\yiisoft\yii2\db\Command.php(362): yii\db\Command->queryInternal('<span class="st...', '<span class="ke...')
#7 D:\angke-game_standard-master\game_standard-master\vendor\yiisoft\yii2\db\Query.php(213): yii\db\Command->queryAll()
#8 D:\angke-game_standard-master\game_standard-master\vendor\yiisoft\yii2\db\ActiveQuery.php(133): yii\db\Query->all('<span class="ke...')
#9 D:\angke-game_standard-master\game_standard-master\backend\controllers\SiteController.php(47): yii\db\ActiveQuery->all()
#10 [internal function]: backend\controllers\SiteController->actionIndex()
#11 D:\angke-game_standard-master\game_standard-master\vendor\yiisoft\yii2\base\InlineAction.php(57): call_user_func_array('[<span class="t...', '[]')
#12 D:\angke-game_standard-master\game_standard-master\vendor\yiisoft\yii2\base\Controller.php(156): yii\base\InlineAction->runWithParams('[]')
#13 D:\angke-game_standard-master\game_standard-master\vendor\yiisoft\yii2\base\Module.php(523): yii\base\Controller->runAction('<span class="st...', '[]')
#14 D:\angke-game_standard-master\game_standard-master\vendor\yiisoft\yii2\web\Application.php(102): yii\base\Module->runAction('<span class="st...', '[]')
#15 D:\angke-game_standard-master\game_standard-master\vendor\yiisoft\yii2\base\Application.php(380): yii\web\Application->handleRequest(Object(yii\web\Request))
#16 D:\angke-game_standard-master\game_standard-master\backend\web\index.php(17): yii\base\Application->run()
#17 {main}

Next exception 'yii\db\Exception' with message 'SQLSTATE[HY000] [1045] Access denied for user 'root'@'localhost' (using password: YES)' in D:\angke-game_standard-master\game_standard-master\vendor\yiisoft\yii2\db\Connection.php:568
Stack trace:
#0 D:\angke-game_standard-master\game_standard-master\vendor\yiisoft\yii2\db\Connection.php(896): yii\db\Connection->open()
#1 D:\angke-game_standard-master\game_standard-master\vendor\yiisoft\yii2\db\Connection.php(883): yii\db\Connection->getMasterPdo()
#2 D:\angke-game_standard-master\game_standard-master\vendor\yiisoft\yii2\db\Command.php(219): yii\db\Connection->getSlavePdo()
#3 D:\angke-game_standard-master\game_standard-master\vendor\yiisoft\yii2\db\Command.php(896): yii\db\Command->prepare('<span class="ke...')
#4 D:\angke-game_standard-master\game_standard-master\vendor\yiisoft\yii2\db\Command.php(362): yii\db\Command->queryInternal('<span class="st...', '<span class="ke...')
#5 D:\angke-game_standard-master\game_standard-master\vendor\yiisoft\yii2\db\Query.php(213): yii\db\Command->queryAll()
#6 D:\angke-game_standard-master\game_standard-master\vendor\yiisoft\yii2\db\ActiveQuery.php(133): yii\db\Query->all('<span class="ke...')
#7 D:\angke-game_standard-master\game_standard-master\backend\controllers\SiteController.php(47): yii\db\ActiveQuery->all()
#8 [internal function]: backend\controllers\SiteController->actionIndex()
#9 D:\angke-game_standard-master\game_standard-master\vendor\yiisoft\yii2\base\InlineAction.php(57): call_user_func_array('[<span class="t...', '[]')
#10 D:\angke-game_standard-master\game_standard-master\vendor\yiisoft\yii2\base\Controller.php(156): yii\base\InlineAction->runWithParams('[]')
#11 D:\angke-game_standard-master\game_standard-master\vendor\yiisoft\yii2\base\Module.php(523): yii\base\Controller->runAction('<span class="st...', '[]')
#12 D:\angke-game_standard-master\game_standard-master\vendor\yiisoft\yii2\web\Application.php(102): yii\base\Module->runAction('<span class="st...', '[]')
#13 D:\angke-game_standard-master\game_standard-master\vendor\yiisoft\yii2\base\Application.php(380): yii\web\Application->handleRequest(Object(yii\web\Request))
#14 D:\angke-game_standard-master\game_standard-master\backend\web\index.php(17): yii\base\Application->run()
#15 {main}
Additional Information:

2017-06-08 21:08:59 [127.0.0.1][-][9qqfkumcrge5sn0c1aluf9pn45][info][application] $_SESSION = [
    '__flash' => []
]

$_SERVER = [
    'PATH' => 'C:\\Windows\\system32;C:\\Windows;C:\\Windows\\System32\\Wbem;C:\\Windows\\System32\\WindowsPowerShell\\v1.0\\;C:\\Program Files (x86)\\NVIDIA Corporation\\PhysX\\Common;D:\\phpStudy\\php\\php-5.6.27-nts;C:\\ProgramData\\ComposerSetup\\bin;C:\\WINDOWS\\system32;C:\\WINDOWS;C:\\WINDOWS\\System32\\Wbem;C:\\WINDOWS\\System32\\WindowsPowerShell\\v1.0\\;C:\\Program Files\\Git\\cmd;C:\\Program Files\\TortoiseGit\\bin;C:\\Users\\gba12\\AppData\\Roaming\\Composer\\vendor\\bin;C:\\Users\\gba12\\AppData\\Local\\Microsoft\\WindowsApps;'
    'SYSTEMROOT' => 'C:\\WINDOWS'
    'COMSPEC' => 'C:\\WINDOWS\\system32\\cmd.exe'
    'PATHEXT' => '.COM;.EXE;.BAT;.CMD;.VBS;.VBE;.JS;.JSE;.WSF;.WSH;.MSC'
    'WINDIR' => 'C:\\WINDOWS'
    'PHP_FCGI_MAX_REQUESTS' => '1000'
    'PHPRC' => 'D:/phpStudy/php/php-5.6.27-nts/'
    '_FCGI_SHUTDOWN_EVENT_' => '2052'
    'SCRIPT_NAME' => '/index.php'
    'REQUEST_URI' => '/'
    'QUERY_STRING' => ''
    'REQUEST_METHOD' => 'GET'
    'SERVER_PROTOCOL' => 'HTTP/1.1'
    'GATEWAY_INTERFACE' => 'CGI/1.1'
    'REMOTE_PORT' => '53547'
    'SCRIPT_FILENAME' => 'D:/angke-game_standard-master/game_standard-master/backend/web/index.php'
    'SERVER_ADMIN' => 'admin@phpStudy.net'
    'CONTEXT_DOCUMENT_ROOT' => 'D:/angke-game_standard-master/game_standard-master/backend/web'
    'CONTEXT_PREFIX' => ''
    'REQUEST_SCHEME' => 'http'
    'DOCUMENT_ROOT' => 'D:/angke-game_standard-master/game_standard-master/backend/web'
    'REMOTE_ADDR' => '127.0.0.1'
    'SERVER_PORT' => '80'
    'SERVER_ADDR' => '127.0.0.1'
    'SERVER_NAME' => 'www.daer.com'
    'SERVER_SOFTWARE' => 'Apache/2.4.23 (Win32) OpenSSL/1.0.2j mod_fcgid/2.3.9'
    'SERVER_SIGNATURE' => ''
    'SystemRoot' => 'C:\\WINDOWS'
    'HTTP_ACCEPT_LANGUAGE' => 'zh-CN,zh;q=0.8'
    'HTTP_ACCEPT_ENCODING' => 'gzip, deflate'
    'HTTP_ACCEPT' => 'text/html,application/xhtml+xml,application/xml;q=0.9,image/webp,image/apng,*/*;q=0.8'
    'HTTP_USER_AGENT' => 'Mozilla/5.0 (Windows NT 10.0; WOW64) AppleWebKit/537.36 (KHTML, like Gecko) Chrome/59.0.3071.86 Safari/537.36'
    'HTTP_UPGRADE_INSECURE_REQUESTS' => '1'
    'HTTP_CONNECTION' => 'close'
    'HTTP_HOST' => 'www.daer.com'
    'FCGI_ROLE' => 'RESPONDER'
    'PHP_SELF' => '/index.php'
    'REQUEST_TIME_FLOAT' => 1496927339.7152
    'REQUEST_TIME' => 1496927339
]
2017-06-08 21:11:31 [127.0.0.1][-][9qqfkumcrge5sn0c1aluf9pn45][error][yii\db\Exception] exception 'PDOException' with message 'SQLSTATE[HY000] [1045] Access denied for user 'root'@'localhost' (using password: YES)' in D:\angke-game_standard-master\game_standard-master\vendor\yiisoft\yii2\db\Connection.php:630
Stack trace:
#0 D:\angke-game_standard-master\game_standard-master\vendor\yiisoft\yii2\db\Connection.php(630): PDO->__construct('mysql:host=127....', 'root', 'root', NULL)
#1 D:\angke-game_standard-master\game_standard-master\vendor\yiisoft\yii2\db\Connection.php(563): yii\db\Connection->createPdoInstance()
#2 D:\angke-game_standard-master\game_standard-master\vendor\yiisoft\yii2\db\Connection.php(896): yii\db\Connection->open()
#3 D:\angke-game_standard-master\game_standard-master\vendor\yiisoft\yii2\db\Connection.php(883): yii\db\Connection->getMasterPdo()
#4 D:\angke-game_standard-master\game_standard-master\vendor\yiisoft\yii2\db\Command.php(219): yii\db\Connection->getSlavePdo()
#5 D:\angke-game_standard-master\game_standard-master\vendor\yiisoft\yii2\db\Command.php(896): yii\db\Command->prepare('<span class="ke...')
#6 D:\angke-game_standard-master\game_standard-master\vendor\yiisoft\yii2\db\Command.php(362): yii\db\Command->queryInternal('<span class="st...', '<span class="ke...')
#7 D:\angke-game_standard-master\game_standard-master\vendor\yiisoft\yii2\db\Query.php(213): yii\db\Command->queryAll()
#8 D:\angke-game_standard-master\game_standard-master\vendor\yiisoft\yii2\db\ActiveQuery.php(133): yii\db\Query->all('<span class="ke...')
#9 D:\angke-game_standard-master\game_standard-master\backend\controllers\SiteController.php(47): yii\db\ActiveQuery->all()
#10 [internal function]: backend\controllers\SiteController->actionIndex()
#11 D:\angke-game_standard-master\game_standard-master\vendor\yiisoft\yii2\base\InlineAction.php(57): call_user_func_array('[<span class="t...', '[]')
#12 D:\angke-game_standard-master\game_standard-master\vendor\yiisoft\yii2\base\Controller.php(156): yii\base\InlineAction->runWithParams('[]')
#13 D:\angke-game_standard-master\game_standard-master\vendor\yiisoft\yii2\base\Module.php(523): yii\base\Controller->runAction('<span class="st...', '[]')
#14 D:\angke-game_standard-master\game_standard-master\vendor\yiisoft\yii2\web\Application.php(102): yii\base\Module->runAction('<span class="st...', '[]')
#15 D:\angke-game_standard-master\game_standard-master\vendor\yiisoft\yii2\base\Application.php(380): yii\web\Application->handleRequest(Object(yii\web\Request))
#16 D:\angke-game_standard-master\game_standard-master\backend\web\index.php(17): yii\base\Application->run()
#17 {main}

Next exception 'yii\db\Exception' with message 'SQLSTATE[HY000] [1045] Access denied for user 'root'@'localhost' (using password: YES)' in D:\angke-game_standard-master\game_standard-master\vendor\yiisoft\yii2\db\Connection.php:568
Stack trace:
#0 D:\angke-game_standard-master\game_standard-master\vendor\yiisoft\yii2\db\Connection.php(896): yii\db\Connection->open()
#1 D:\angke-game_standard-master\game_standard-master\vendor\yiisoft\yii2\db\Connection.php(883): yii\db\Connection->getMasterPdo()
#2 D:\angke-game_standard-master\game_standard-master\vendor\yiisoft\yii2\db\Command.php(219): yii\db\Connection->getSlavePdo()
#3 D:\angke-game_standard-master\game_standard-master\vendor\yiisoft\yii2\db\Command.php(896): yii\db\Command->prepare('<span class="ke...')
#4 D:\angke-game_standard-master\game_standard-master\vendor\yiisoft\yii2\db\Command.php(362): yii\db\Command->queryInternal('<span class="st...', '<span class="ke...')
#5 D:\angke-game_standard-master\game_standard-master\vendor\yiisoft\yii2\db\Query.php(213): yii\db\Command->queryAll()
#6 D:\angke-game_standard-master\game_standard-master\vendor\yiisoft\yii2\db\ActiveQuery.php(133): yii\db\Query->all('<span class="ke...')
#7 D:\angke-game_standard-master\game_standard-master\backend\controllers\SiteController.php(47): yii\db\ActiveQuery->all()
#8 [internal function]: backend\controllers\SiteController->actionIndex()
#9 D:\angke-game_standard-master\game_standard-master\vendor\yiisoft\yii2\base\InlineAction.php(57): call_user_func_array('[<span class="t...', '[]')
#10 D:\angke-game_standard-master\game_standard-master\vendor\yiisoft\yii2\base\Controller.php(156): yii\base\InlineAction->runWithParams('[]')
#11 D:\angke-game_standard-master\game_standard-master\vendor\yiisoft\yii2\base\Module.php(523): yii\base\Controller->runAction('<span class="st...', '[]')
#12 D:\angke-game_standard-master\game_standard-master\vendor\yiisoft\yii2\web\Application.php(102): yii\base\Module->runAction('<span class="st...', '[]')
#13 D:\angke-game_standard-master\game_standard-master\vendor\yiisoft\yii2\base\Application.php(380): yii\web\Application->handleRequest(Object(yii\web\Request))
#14 D:\angke-game_standard-master\game_standard-master\backend\web\index.php(17): yii\base\Application->run()
#15 {main}
Additional Information:

2017-06-08 21:11:31 [127.0.0.1][-][9qqfkumcrge5sn0c1aluf9pn45][info][application] $_COOKIE = [
    'advanced-backend' => '9qqfkumcrge5sn0c1aluf9pn45'
]

$_SESSION = [
    '__flash' => []
]

$_SERVER = [
    'PATH' => 'C:\\Windows\\system32;C:\\Windows;C:\\Windows\\System32\\Wbem;C:\\Windows\\System32\\WindowsPowerShell\\v1.0\\;C:\\Program Files (x86)\\NVIDIA Corporation\\PhysX\\Common;D:\\phpStudy\\php\\php-5.6.27-nts;C:\\ProgramData\\ComposerSetup\\bin;C:\\WINDOWS\\system32;C:\\WINDOWS;C:\\WINDOWS\\System32\\Wbem;C:\\WINDOWS\\System32\\WindowsPowerShell\\v1.0\\;C:\\Program Files\\Git\\cmd;C:\\Program Files\\TortoiseGit\\bin;C:\\Users\\gba12\\AppData\\Roaming\\Composer\\vendor\\bin;C:\\Users\\gba12\\AppData\\Local\\Microsoft\\WindowsApps;'
    'SYSTEMROOT' => 'C:\\WINDOWS'
    'COMSPEC' => 'C:\\WINDOWS\\system32\\cmd.exe'
    'PATHEXT' => '.COM;.EXE;.BAT;.CMD;.VBS;.VBE;.JS;.JSE;.WSF;.WSH;.MSC'
    'WINDIR' => 'C:\\WINDOWS'
    'PHP_FCGI_MAX_REQUESTS' => '1000'
    'PHPRC' => 'D:/phpStudy/php/php-5.6.27-nts/'
    '_FCGI_SHUTDOWN_EVENT_' => '2052'
    'SCRIPT_NAME' => '/index.php'
    'REQUEST_URI' => '/'
    'QUERY_STRING' => ''
    'REQUEST_METHOD' => 'GET'
    'SERVER_PROTOCOL' => 'HTTP/1.1'
    'GATEWAY_INTERFACE' => 'CGI/1.1'
    'REMOTE_PORT' => '53761'
    'SCRIPT_FILENAME' => 'D:/angke-game_standard-master/game_standard-master/backend/web/index.php'
    'SERVER_ADMIN' => 'admin@phpStudy.net'
    'CONTEXT_DOCUMENT_ROOT' => 'D:/angke-game_standard-master/game_standard-master/backend/web'
    'CONTEXT_PREFIX' => ''
    'REQUEST_SCHEME' => 'http'
    'DOCUMENT_ROOT' => 'D:/angke-game_standard-master/game_standard-master/backend/web'
    'REMOTE_ADDR' => '127.0.0.1'
    'SERVER_PORT' => '80'
    'SERVER_ADDR' => '127.0.0.1'
    'SERVER_NAME' => 'www.daer.com'
    'SERVER_SOFTWARE' => 'Apache/2.4.23 (Win32) OpenSSL/1.0.2j mod_fcgid/2.3.9'
    'SERVER_SIGNATURE' => ''
    'SystemRoot' => 'C:\\WINDOWS'
    'HTTP_COOKIE' => 'advanced-backend=9qqfkumcrge5sn0c1aluf9pn45'
    'HTTP_ACCEPT_LANGUAGE' => 'zh-CN,zh;q=0.8'
    'HTTP_ACCEPT_ENCODING' => 'gzip, deflate'
    'HTTP_ACCEPT' => 'text/html,application/xhtml+xml,application/xml;q=0.9,image/webp,image/apng,*/*;q=0.8'
    'HTTP_USER_AGENT' => 'Mozilla/5.0 (Windows NT 10.0; WOW64) AppleWebKit/537.36 (KHTML, like Gecko) Chrome/59.0.3071.86 Safari/537.36'
    'HTTP_UPGRADE_INSECURE_REQUESTS' => '1'
    'HTTP_CACHE_CONTROL' => 'no-cache'
    'HTTP_PRAGMA' => 'no-cache'
    'HTTP_CONNECTION' => 'close'
    'HTTP_HOST' => 'www.daer.com'
    'FCGI_ROLE' => 'RESPONDER'
    'PHP_SELF' => '/index.php'
    'REQUEST_TIME_FLOAT' => 1496927491.396
    'REQUEST_TIME' => 1496927491
]
2017-06-08 21:11:35 [127.0.0.1][-][9qqfkumcrge5sn0c1aluf9pn45][error][yii\db\Exception] exception 'PDOException' with message 'SQLSTATE[HY000] [1045] Access denied for user 'root'@'localhost' (using password: YES)' in D:\angke-game_standard-master\game_standard-master\vendor\yiisoft\yii2\db\Connection.php:630
Stack trace:
#0 D:\angke-game_standard-master\game_standard-master\vendor\yiisoft\yii2\db\Connection.php(630): PDO->__construct('mysql:host=127....', 'root', 'root', NULL)
#1 D:\angke-game_standard-master\game_standard-master\vendor\yiisoft\yii2\db\Connection.php(563): yii\db\Connection->createPdoInstance()
#2 D:\angke-game_standard-master\game_standard-master\vendor\yiisoft\yii2\db\Connection.php(896): yii\db\Connection->open()
#3 D:\angke-game_standard-master\game_standard-master\vendor\yiisoft\yii2\db\Connection.php(883): yii\db\Connection->getMasterPdo()
#4 D:\angke-game_standard-master\game_standard-master\vendor\yiisoft\yii2\db\Command.php(219): yii\db\Connection->getSlavePdo()
#5 D:\angke-game_standard-master\game_standard-master\vendor\yiisoft\yii2\db\Command.php(896): yii\db\Command->prepare('<span class="ke...')
#6 D:\angke-game_standard-master\game_standard-master\vendor\yiisoft\yii2\db\Command.php(362): yii\db\Command->queryInternal('<span class="st...', '<span class="ke...')
#7 D:\angke-game_standard-master\game_standard-master\vendor\yiisoft\yii2\db\Query.php(213): yii\db\Command->queryAll()
#8 D:\angke-game_standard-master\game_standard-master\vendor\yiisoft\yii2\db\ActiveQuery.php(133): yii\db\Query->all('<span class="ke...')
#9 D:\angke-game_standard-master\game_standard-master\backend\controllers\SiteController.php(47): yii\db\ActiveQuery->all()
#10 [internal function]: backend\controllers\SiteController->actionIndex()
#11 D:\angke-game_standard-master\game_standard-master\vendor\yiisoft\yii2\base\InlineAction.php(57): call_user_func_array('[<span class="t...', '[]')
#12 D:\angke-game_standard-master\game_standard-master\vendor\yiisoft\yii2\base\Controller.php(156): yii\base\InlineAction->runWithParams('[]')
#13 D:\angke-game_standard-master\game_standard-master\vendor\yiisoft\yii2\base\Module.php(523): yii\base\Controller->runAction('<span class="st...', '[]')
#14 D:\angke-game_standard-master\game_standard-master\vendor\yiisoft\yii2\web\Application.php(102): yii\base\Module->runAction('<span class="st...', '[]')
#15 D:\angke-game_standard-master\game_standard-master\vendor\yiisoft\yii2\base\Application.php(380): yii\web\Application->handleRequest(Object(yii\web\Request))
#16 D:\angke-game_standard-master\game_standard-master\backend\web\index.php(17): yii\base\Application->run()
#17 {main}

Next exception 'yii\db\Exception' with message 'SQLSTATE[HY000] [1045] Access denied for user 'root'@'localhost' (using password: YES)' in D:\angke-game_standard-master\game_standard-master\vendor\yiisoft\yii2\db\Connection.php:568
Stack trace:
#0 D:\angke-game_standard-master\game_standard-master\vendor\yiisoft\yii2\db\Connection.php(896): yii\db\Connection->open()
#1 D:\angke-game_standard-master\game_standard-master\vendor\yiisoft\yii2\db\Connection.php(883): yii\db\Connection->getMasterPdo()
#2 D:\angke-game_standard-master\game_standard-master\vendor\yiisoft\yii2\db\Command.php(219): yii\db\Connection->getSlavePdo()
#3 D:\angke-game_standard-master\game_standard-master\vendor\yiisoft\yii2\db\Command.php(896): yii\db\Command->prepare('<span class="ke...')
#4 D:\angke-game_standard-master\game_standard-master\vendor\yiisoft\yii2\db\Command.php(362): yii\db\Command->queryInternal('<span class="st...', '<span class="ke...')
#5 D:\angke-game_standard-master\game_standard-master\vendor\yiisoft\yii2\db\Query.php(213): yii\db\Command->queryAll()
#6 D:\angke-game_standard-master\game_standard-master\vendor\yiisoft\yii2\db\ActiveQuery.php(133): yii\db\Query->all('<span class="ke...')
#7 D:\angke-game_standard-master\game_standard-master\backend\controllers\SiteController.php(47): yii\db\ActiveQuery->all()
#8 [internal function]: backend\controllers\SiteController->actionIndex()
#9 D:\angke-game_standard-master\game_standard-master\vendor\yiisoft\yii2\base\InlineAction.php(57): call_user_func_array('[<span class="t...', '[]')
#10 D:\angke-game_standard-master\game_standard-master\vendor\yiisoft\yii2\base\Controller.php(156): yii\base\InlineAction->runWithParams('[]')
#11 D:\angke-game_standard-master\game_standard-master\vendor\yiisoft\yii2\base\Module.php(523): yii\base\Controller->runAction('<span class="st...', '[]')
#12 D:\angke-game_standard-master\game_standard-master\vendor\yiisoft\yii2\web\Application.php(102): yii\base\Module->runAction('<span class="st...', '[]')
#13 D:\angke-game_standard-master\game_standard-master\vendor\yiisoft\yii2\base\Application.php(380): yii\web\Application->handleRequest(Object(yii\web\Request))
#14 D:\angke-game_standard-master\game_standard-master\backend\web\index.php(17): yii\base\Application->run()
#15 {main}
Additional Information:

2017-06-08 21:11:35 [127.0.0.1][-][9qqfkumcrge5sn0c1aluf9pn45][info][application] $_COOKIE = [
    'advanced-backend' => '9qqfkumcrge5sn0c1aluf9pn45'
]

$_SESSION = [
    '__flash' => []
]

$_SERVER = [
    'PATH' => 'C:\\Windows\\system32;C:\\Windows;C:\\Windows\\System32\\Wbem;C:\\Windows\\System32\\WindowsPowerShell\\v1.0\\;C:\\Program Files (x86)\\NVIDIA Corporation\\PhysX\\Common;D:\\phpStudy\\php\\php-5.6.27-nts;C:\\ProgramData\\ComposerSetup\\bin;C:\\WINDOWS\\system32;C:\\WINDOWS;C:\\WINDOWS\\System32\\Wbem;C:\\WINDOWS\\System32\\WindowsPowerShell\\v1.0\\;C:\\Program Files\\Git\\cmd;C:\\Program Files\\TortoiseGit\\bin;C:\\Users\\gba12\\AppData\\Roaming\\Composer\\vendor\\bin;C:\\Users\\gba12\\AppData\\Local\\Microsoft\\WindowsApps;'
    'SYSTEMROOT' => 'C:\\WINDOWS'
    'COMSPEC' => 'C:\\WINDOWS\\system32\\cmd.exe'
    'PATHEXT' => '.COM;.EXE;.BAT;.CMD;.VBS;.VBE;.JS;.JSE;.WSF;.WSH;.MSC'
    'WINDIR' => 'C:\\WINDOWS'
    'PHP_FCGI_MAX_REQUESTS' => '1000'
    'PHPRC' => 'D:/phpStudy/php/php-5.6.27-nts/'
    '_FCGI_SHUTDOWN_EVENT_' => '2052'
    'SCRIPT_NAME' => '/index.php'
    'REQUEST_URI' => '/'
    'QUERY_STRING' => ''
    'REQUEST_METHOD' => 'GET'
    'SERVER_PROTOCOL' => 'HTTP/1.1'
    'GATEWAY_INTERFACE' => 'CGI/1.1'
    'REMOTE_PORT' => '53768'
    'SCRIPT_FILENAME' => 'D:/angke-game_standard-master/game_standard-master/backend/web/index.php'
    'SERVER_ADMIN' => 'admin@phpStudy.net'
    'CONTEXT_DOCUMENT_ROOT' => 'D:/angke-game_standard-master/game_standard-master/backend/web'
    'CONTEXT_PREFIX' => ''
    'REQUEST_SCHEME' => 'http'
    'DOCUMENT_ROOT' => 'D:/angke-game_standard-master/game_standard-master/backend/web'
    'REMOTE_ADDR' => '127.0.0.1'
    'SERVER_PORT' => '80'
    'SERVER_ADDR' => '127.0.0.1'
    'SERVER_NAME' => 'www.daer.com'
    'SERVER_SOFTWARE' => 'Apache/2.4.23 (Win32) OpenSSL/1.0.2j mod_fcgid/2.3.9'
    'SERVER_SIGNATURE' => ''
    'SystemRoot' => 'C:\\WINDOWS'
    'HTTP_COOKIE' => 'advanced-backend=9qqfkumcrge5sn0c1aluf9pn45'
    'HTTP_ACCEPT_LANGUAGE' => 'zh-CN,zh;q=0.8'
    'HTTP_ACCEPT_ENCODING' => 'gzip, deflate'
    'HTTP_ACCEPT' => 'text/html,application/xhtml+xml,application/xml;q=0.9,image/webp,image/apng,*/*;q=0.8'
    'HTTP_USER_AGENT' => 'Mozilla/5.0 (Windows NT 10.0; WOW64) AppleWebKit/537.36 (KHTML, like Gecko) Chrome/59.0.3071.86 Safari/537.36'
    'HTTP_UPGRADE_INSECURE_REQUESTS' => '1'
    'HTTP_CACHE_CONTROL' => 'no-cache'
    'HTTP_PRAGMA' => 'no-cache'
    'HTTP_CONNECTION' => 'close'
    'HTTP_HOST' => 'www.daer.com'
    'FCGI_ROLE' => 'RESPONDER'
    'PHP_SELF' => '/index.php'
    'REQUEST_TIME_FLOAT' => 1496927495.7873
    'REQUEST_TIME' => 1496927495
]
2017-06-08 21:11:49 [127.0.0.1][-][-][error][yii\web\HttpException:404] exception 'yii\base\InvalidRouteException' with message 'Unable to resolve the request "css/font.css".' in D:\angke-game_standard-master\game_standard-master\vendor\yiisoft\yii2\base\Module.php:532
Stack trace:
#0 D:\angke-game_standard-master\game_standard-master\vendor\yiisoft\yii2\web\Application.php(102): yii\base\Module->runAction('css/font.css', Array)
#1 D:\angke-game_standard-master\game_standard-master\vendor\yiisoft\yii2\base\Application.php(380): yii\web\Application->handleRequest(Object(yii\web\Request))
#2 D:\angke-game_standard-master\game_standard-master\backend\web\index.php(17): yii\base\Application->run()
#3 {main}

Next exception 'yii\web\NotFoundHttpException' with message '页面未找到。' in D:\angke-game_standard-master\game_standard-master\vendor\yiisoft\yii2\web\Application.php:114
Stack trace:
#0 D:\angke-game_standard-master\game_standard-master\vendor\yiisoft\yii2\base\Application.php(380): yii\web\Application->handleRequest(Object(yii\web\Request))
#1 D:\angke-game_standard-master\game_standard-master\backend\web\index.php(17): yii\base\Application->run()
#2 {main}
2017-06-08 21:11:49 [127.0.0.1][-][-][info][application] $_COOKIE = [
    'advanced-backend' => '9qqfkumcrge5sn0c1aluf9pn45'
    '_token_backend_' => 'b2050b3be6c64a71cc179ae45d10b777f4519aa1dde302294fb8eb9480378278a:2:{i:0;s:15:\"_token_backend_\";i:1;s:32:\"pC7zDNGYi2vQj6PQ-QzwxoiGnviXQvDu\";}'
]

$_SERVER = [
    'PATH' => 'C:\\Windows\\system32;C:\\Windows;C:\\Windows\\System32\\Wbem;C:\\Windows\\System32\\WindowsPowerShell\\v1.0\\;C:\\Program Files (x86)\\NVIDIA Corporation\\PhysX\\Common;D:\\phpStudy\\php\\php-5.6.27-nts;C:\\ProgramData\\ComposerSetup\\bin;C:\\WINDOWS\\system32;C:\\WINDOWS;C:\\WINDOWS\\System32\\Wbem;C:\\WINDOWS\\System32\\WindowsPowerShell\\v1.0\\;C:\\Program Files\\Git\\cmd;C:\\Program Files\\TortoiseGit\\bin;C:\\Users\\gba12\\AppData\\Roaming\\Composer\\vendor\\bin;C:\\Users\\gba12\\AppData\\Local\\Microsoft\\WindowsApps;'
    'SYSTEMROOT' => 'C:\\WINDOWS'
    'COMSPEC' => 'C:\\WINDOWS\\system32\\cmd.exe'
    'PATHEXT' => '.COM;.EXE;.BAT;.CMD;.VBS;.VBE;.JS;.JSE;.WSF;.WSH;.MSC'
    'WINDIR' => 'C:\\WINDOWS'
    'PHP_FCGI_MAX_REQUESTS' => '1000'
    'PHPRC' => 'D:/phpStudy/php/php-5.6.27-nts/'
    '_FCGI_SHUTDOWN_EVENT_' => '2052'
    'SCRIPT_NAME' => '/index.php'
    'REQUEST_URI' => '/css/font.css'
    'QUERY_STRING' => ''
    'REQUEST_METHOD' => 'GET'
    'SERVER_PROTOCOL' => 'HTTP/1.1'
    'GATEWAY_INTERFACE' => 'CGI/1.1'
    'REDIRECT_URL' => '/css/font.css'
    'REMOTE_PORT' => '53777'
    'SCRIPT_FILENAME' => 'D:/angke-game_standard-master/game_standard-master/backend/web/index.php'
    'SERVER_ADMIN' => 'admin@phpStudy.net'
    'CONTEXT_DOCUMENT_ROOT' => 'D:/angke-game_standard-master/game_standard-master/backend/web'
    'CONTEXT_PREFIX' => ''
    'REQUEST_SCHEME' => 'http'
    'DOCUMENT_ROOT' => 'D:/angke-game_standard-master/game_standard-master/backend/web'
    'REMOTE_ADDR' => '127.0.0.1'
    'SERVER_PORT' => '80'
    'SERVER_ADDR' => '127.0.0.1'
    'SERVER_NAME' => 'www.daer.com'
    'SERVER_SOFTWARE' => 'Apache/2.4.23 (Win32) OpenSSL/1.0.2j mod_fcgid/2.3.9'
    'SERVER_SIGNATURE' => ''
    'SystemRoot' => 'C:\\WINDOWS'
    'HTTP_COOKIE' => 'advanced-backend=9qqfkumcrge5sn0c1aluf9pn45; _token_backend_=b2050b3be6c64a71cc179ae45d10b777f4519aa1dde302294fb8eb9480378278a%3A2%3A%7Bi%3A0%3Bs%3A15%3A%22_token_backend_%22%3Bi%3A1%3Bs%3A32%3A%22pC7zDNGYi2vQj6PQ-QzwxoiGnviXQvDu%22%3B%7D'
    'HTTP_ACCEPT_LANGUAGE' => 'zh-CN,zh;q=0.8'
    'HTTP_ACCEPT_ENCODING' => 'gzip, deflate'
    'HTTP_REFERER' => 'http://www.daer.com/login/login'
    'HTTP_ACCEPT' => 'text/css,*/*;q=0.1'
    'HTTP_USER_AGENT' => 'Mozilla/5.0 (Windows NT 10.0; WOW64) AppleWebKit/537.36 (KHTML, like Gecko) Chrome/59.0.3071.86 Safari/537.36'
    'HTTP_CACHE_CONTROL' => 'no-cache'
    'HTTP_PRAGMA' => 'no-cache'
    'HTTP_CONNECTION' => 'close'
    'HTTP_HOST' => 'www.daer.com'
    'REDIRECT_STATUS' => '200'
    'FCGI_ROLE' => 'RESPONDER'
    'PHP_SELF' => '/index.php'
    'REQUEST_TIME_FLOAT' => 1496927509.3173
    'REQUEST_TIME' => 1496927509
]
2017-06-08 21:11:52 [127.0.0.1][-][-][error][yii\web\HttpException:404] exception 'yii\base\InvalidRouteException' with message 'Unable to resolve the request "css/font.css".' in D:\angke-game_standard-master\game_standard-master\vendor\yiisoft\yii2\base\Module.php:532
Stack trace:
#0 D:\angke-game_standard-master\game_standard-master\vendor\yiisoft\yii2\web\Application.php(102): yii\base\Module->runAction('css/font.css', Array)
#1 D:\angke-game_standard-master\game_standard-master\vendor\yiisoft\yii2\base\Application.php(380): yii\web\Application->handleRequest(Object(yii\web\Request))
#2 D:\angke-game_standard-master\game_standard-master\backend\web\index.php(17): yii\base\Application->run()
#3 {main}

Next exception 'yii\web\NotFoundHttpException' with message '页面未找到。' in D:\angke-game_standard-master\game_standard-master\vendor\yiisoft\yii2\web\Application.php:114
Stack trace:
#0 D:\angke-game_standard-master\game_standard-master\vendor\yiisoft\yii2\base\Application.php(380): yii\web\Application->handleRequest(Object(yii\web\Request))
#1 D:\angke-game_standard-master\game_standard-master\backend\web\index.php(17): yii\base\Application->run()
#2 {main}
2017-06-08 21:11:52 [127.0.0.1][-][-][info][application] $_COOKIE = [
    'advanced-backend' => '9qqfkumcrge5sn0c1aluf9pn45'
    '_token_backend_' => 'b2050b3be6c64a71cc179ae45d10b777f4519aa1dde302294fb8eb9480378278a:2:{i:0;s:15:\"_token_backend_\";i:1;s:32:\"pC7zDNGYi2vQj6PQ-QzwxoiGnviXQvDu\";}'
]

$_SERVER = [
    'PATH' => 'C:\\Windows\\system32;C:\\Windows;C:\\Windows\\System32\\Wbem;C:\\Windows\\System32\\WindowsPowerShell\\v1.0\\;C:\\Program Files (x86)\\NVIDIA Corporation\\PhysX\\Common;D:\\phpStudy\\php\\php-5.6.27-nts;C:\\ProgramData\\ComposerSetup\\bin;C:\\WINDOWS\\system32;C:\\WINDOWS;C:\\WINDOWS\\System32\\Wbem;C:\\WINDOWS\\System32\\WindowsPowerShell\\v1.0\\;C:\\Program Files\\Git\\cmd;C:\\Program Files\\TortoiseGit\\bin;C:\\Users\\gba12\\AppData\\Roaming\\Composer\\vendor\\bin;C:\\Users\\gba12\\AppData\\Local\\Microsoft\\WindowsApps;'
    'SYSTEMROOT' => 'C:\\WINDOWS'
    'COMSPEC' => 'C:\\WINDOWS\\system32\\cmd.exe'
    'PATHEXT' => '.COM;.EXE;.BAT;.CMD;.VBS;.VBE;.JS;.JSE;.WSF;.WSH;.MSC'
    'WINDIR' => 'C:\\WINDOWS'
    'PHP_FCGI_MAX_REQUESTS' => '1000'
    'PHPRC' => 'D:/phpStudy/php/php-5.6.27-nts/'
    '_FCGI_SHUTDOWN_EVENT_' => '2052'
    'SCRIPT_NAME' => '/index.php'
    'REQUEST_URI' => '/css/font.css'
    'QUERY_STRING' => ''
    'REQUEST_METHOD' => 'GET'
    'SERVER_PROTOCOL' => 'HTTP/1.1'
    'GATEWAY_INTERFACE' => 'CGI/1.1'
    'REDIRECT_URL' => '/css/font.css'
    'REMOTE_PORT' => '53778'
    'SCRIPT_FILENAME' => 'D:/angke-game_standard-master/game_standard-master/backend/web/index.php'
    'SERVER_ADMIN' => 'admin@phpStudy.net'
    'CONTEXT_DOCUMENT_ROOT' => 'D:/angke-game_standard-master/game_standard-master/backend/web'
    'CONTEXT_PREFIX' => ''
    'REQUEST_SCHEME' => 'http'
    'DOCUMENT_ROOT' => 'D:/angke-game_standard-master/game_standard-master/backend/web'
    'REMOTE_ADDR' => '127.0.0.1'
    'SERVER_PORT' => '80'
    'SERVER_ADDR' => '127.0.0.1'
    'SERVER_NAME' => 'www.daer.com'
    'SERVER_SOFTWARE' => 'Apache/2.4.23 (Win32) OpenSSL/1.0.2j mod_fcgid/2.3.9'
    'SERVER_SIGNATURE' => ''
    'SystemRoot' => 'C:\\WINDOWS'
    'HTTP_COOKIE' => 'advanced-backend=9qqfkumcrge5sn0c1aluf9pn45; _token_backend_=b2050b3be6c64a71cc179ae45d10b777f4519aa1dde302294fb8eb9480378278a%3A2%3A%7Bi%3A0%3Bs%3A15%3A%22_token_backend_%22%3Bi%3A1%3Bs%3A32%3A%22pC7zDNGYi2vQj6PQ-QzwxoiGnviXQvDu%22%3B%7D'
    'HTTP_ACCEPT_LANGUAGE' => 'zh-CN,zh;q=0.8'
    'HTTP_ACCEPT_ENCODING' => 'gzip, deflate'
    'HTTP_REFERER' => 'http://www.daer.com/login/login'
    'HTTP_ACCEPT' => 'text/css,*/*;q=0.1'
    'HTTP_USER_AGENT' => 'Mozilla/5.0 (Windows NT 10.0; WOW64) AppleWebKit/537.36 (KHTML, like Gecko) Chrome/59.0.3071.86 Safari/537.36'
    'HTTP_CONNECTION' => 'close'
    'HTTP_HOST' => 'www.daer.com'
    'REDIRECT_STATUS' => '200'
    'FCGI_ROLE' => 'RESPONDER'
    'PHP_SELF' => '/index.php'
    'REQUEST_TIME_FLOAT' => 1496927512.3718
    'REQUEST_TIME' => 1496927512
]
2017-06-08 21:11:53 [127.0.0.1][-][-][error][yii\web\HttpException:404] exception 'yii\base\InvalidRouteException' with message 'Unable to resolve the request "css/font.css".' in D:\angke-game_standard-master\game_standard-master\vendor\yiisoft\yii2\base\Module.php:532
Stack trace:
#0 D:\angke-game_standard-master\game_standard-master\vendor\yiisoft\yii2\web\Application.php(102): yii\base\Module->runAction('css/font.css', Array)
#1 D:\angke-game_standard-master\game_standard-master\vendor\yiisoft\yii2\base\Application.php(380): yii\web\Application->handleRequest(Object(yii\web\Request))
#2 D:\angke-game_standard-master\game_standard-master\backend\web\index.php(17): yii\base\Application->run()
#3 {main}

Next exception 'yii\web\NotFoundHttpException' with message '页面未找到。' in D:\angke-game_standard-master\game_standard-master\vendor\yiisoft\yii2\web\Application.php:114
Stack trace:
#0 D:\angke-game_standard-master\game_standard-master\vendor\yiisoft\yii2\base\Application.php(380): yii\web\Application->handleRequest(Object(yii\web\Request))
#1 D:\angke-game_standard-master\game_standard-master\backend\web\index.php(17): yii\base\Application->run()
#2 {main}
2017-06-08 21:11:53 [127.0.0.1][-][-][info][application] $_COOKIE = [
    'advanced-backend' => '9qqfkumcrge5sn0c1aluf9pn45'
    '_token_backend_' => 'b2050b3be6c64a71cc179ae45d10b777f4519aa1dde302294fb8eb9480378278a:2:{i:0;s:15:\"_token_backend_\";i:1;s:32:\"pC7zDNGYi2vQj6PQ-QzwxoiGnviXQvDu\";}'
]

$_SERVER = [
    'PATH' => 'C:\\Windows\\system32;C:\\Windows;C:\\Windows\\System32\\Wbem;C:\\Windows\\System32\\WindowsPowerShell\\v1.0\\;C:\\Program Files (x86)\\NVIDIA Corporation\\PhysX\\Common;D:\\phpStudy\\php\\php-5.6.27-nts;C:\\ProgramData\\ComposerSetup\\bin;C:\\WINDOWS\\system32;C:\\WINDOWS;C:\\WINDOWS\\System32\\Wbem;C:\\WINDOWS\\System32\\WindowsPowerShell\\v1.0\\;C:\\Program Files\\Git\\cmd;C:\\Program Files\\TortoiseGit\\bin;C:\\Users\\gba12\\AppData\\Roaming\\Composer\\vendor\\bin;C:\\Users\\gba12\\AppData\\Local\\Microsoft\\WindowsApps;'
    'SYSTEMROOT' => 'C:\\WINDOWS'
    'COMSPEC' => 'C:\\WINDOWS\\system32\\cmd.exe'
    'PATHEXT' => '.COM;.EXE;.BAT;.CMD;.VBS;.VBE;.JS;.JSE;.WSF;.WSH;.MSC'
    'WINDIR' => 'C:\\WINDOWS'
    'PHP_FCGI_MAX_REQUESTS' => '1000'
    'PHPRC' => 'D:/phpStudy/php/php-5.6.27-nts/'
    '_FCGI_SHUTDOWN_EVENT_' => '2052'
    'SCRIPT_NAME' => '/index.php'
    'REQUEST_URI' => '/css/font.css'
    'QUERY_STRING' => ''
    'REQUEST_METHOD' => 'GET'
    'SERVER_PROTOCOL' => 'HTTP/1.1'
    'GATEWAY_INTERFACE' => 'CGI/1.1'
    'REDIRECT_URL' => '/css/font.css'
    'REMOTE_PORT' => '53776'
    'SCRIPT_FILENAME' => 'D:/angke-game_standard-master/game_standard-master/backend/web/index.php'
    'SERVER_ADMIN' => 'admin@phpStudy.net'
    'CONTEXT_DOCUMENT_ROOT' => 'D:/angke-game_standard-master/game_standard-master/backend/web'
    'CONTEXT_PREFIX' => ''
    'REQUEST_SCHEME' => 'http'
    'DOCUMENT_ROOT' => 'D:/angke-game_standard-master/game_standard-master/backend/web'
    'REMOTE_ADDR' => '127.0.0.1'
    'SERVER_PORT' => '80'
    'SERVER_ADDR' => '127.0.0.1'
    'SERVER_NAME' => 'www.daer.com'
    'SERVER_SOFTWARE' => 'Apache/2.4.23 (Win32) OpenSSL/1.0.2j mod_fcgid/2.3.9'
    'SERVER_SIGNATURE' => ''
    'SystemRoot' => 'C:\\WINDOWS'
    'HTTP_COOKIE' => 'advanced-backend=9qqfkumcrge5sn0c1aluf9pn45; _token_backend_=b2050b3be6c64a71cc179ae45d10b777f4519aa1dde302294fb8eb9480378278a%3A2%3A%7Bi%3A0%3Bs%3A15%3A%22_token_backend_%22%3Bi%3A1%3Bs%3A32%3A%22pC7zDNGYi2vQj6PQ-QzwxoiGnviXQvDu%22%3B%7D'
    'HTTP_ACCEPT_LANGUAGE' => 'zh-CN,zh;q=0.8'
    'HTTP_ACCEPT_ENCODING' => 'gzip, deflate'
    'HTTP_REFERER' => 'http://www.daer.com/login/login'
    'HTTP_ACCEPT' => 'text/css,*/*;q=0.1'
    'HTTP_USER_AGENT' => 'Mozilla/5.0 (Windows NT 10.0; WOW64) AppleWebKit/537.36 (KHTML, like Gecko) Chrome/59.0.3071.86 Safari/537.36'
    'HTTP_CONNECTION' => 'close'
    'HTTP_HOST' => 'www.daer.com'
    'REDIRECT_STATUS' => '200'
    'FCGI_ROLE' => 'RESPONDER'
    'PHP_SELF' => '/index.php'
    'REQUEST_TIME_FLOAT' => 1496927513.7175
    'REQUEST_TIME' => 1496927513
]
2017-06-08 21:11:57 [127.0.0.1][-][-][error][yii\web\HttpException:404] exception 'yii\base\InvalidRouteException' with message 'Unable to resolve the request "css/font.css".' in D:\angke-game_standard-master\game_standard-master\vendor\yiisoft\yii2\base\Module.php:532
Stack trace:
#0 D:\angke-game_standard-master\game_standard-master\vendor\yiisoft\yii2\web\Application.php(102): yii\base\Module->runAction('css/font.css', Array)
#1 D:\angke-game_standard-master\game_standard-master\vendor\yiisoft\yii2\base\Application.php(380): yii\web\Application->handleRequest(Object(yii\web\Request))
#2 D:\angke-game_standard-master\game_standard-master\backend\web\index.php(17): yii\base\Application->run()
#3 {main}

Next exception 'yii\web\NotFoundHttpException' with message '页面未找到。' in D:\angke-game_standard-master\game_standard-master\vendor\yiisoft\yii2\web\Application.php:114
Stack trace:
#0 D:\angke-game_standard-master\game_standard-master\vendor\yiisoft\yii2\base\Application.php(380): yii\web\Application->handleRequest(Object(yii\web\Request))
#1 D:\angke-game_standard-master\game_standard-master\backend\web\index.php(17): yii\base\Application->run()
#2 {main}
2017-06-08 21:11:57 [127.0.0.1][-][-][info][application] $_COOKIE = [
    'advanced-backend' => '9qqfkumcrge5sn0c1aluf9pn45'
    '_token_backend_' => 'b2050b3be6c64a71cc179ae45d10b777f4519aa1dde302294fb8eb9480378278a:2:{i:0;s:15:\"_token_backend_\";i:1;s:32:\"pC7zDNGYi2vQj6PQ-QzwxoiGnviXQvDu\";}'
]

$_SERVER = [
    'PATH' => 'C:\\Windows\\system32;C:\\Windows;C:\\Windows\\System32\\Wbem;C:\\Windows\\System32\\WindowsPowerShell\\v1.0\\;C:\\Program Files (x86)\\NVIDIA Corporation\\PhysX\\Common;D:\\phpStudy\\php\\php-5.6.27-nts;C:\\ProgramData\\ComposerSetup\\bin;C:\\WINDOWS\\system32;C:\\WINDOWS;C:\\WINDOWS\\System32\\Wbem;C:\\WINDOWS\\System32\\WindowsPowerShell\\v1.0\\;C:\\Program Files\\Git\\cmd;C:\\Program Files\\TortoiseGit\\bin;C:\\Users\\gba12\\AppData\\Roaming\\Composer\\vendor\\bin;C:\\Users\\gba12\\AppData\\Local\\Microsoft\\WindowsApps;'
    'SYSTEMROOT' => 'C:\\WINDOWS'
    'COMSPEC' => 'C:\\WINDOWS\\system32\\cmd.exe'
    'PATHEXT' => '.COM;.EXE;.BAT;.CMD;.VBS;.VBE;.JS;.JSE;.WSF;.WSH;.MSC'
    'WINDIR' => 'C:\\WINDOWS'
    'PHP_FCGI_MAX_REQUESTS' => '1000'
    'PHPRC' => 'D:/phpStudy/php/php-5.6.27-nts/'
    '_FCGI_SHUTDOWN_EVENT_' => '2052'
    'SCRIPT_NAME' => '/index.php'
    'REQUEST_URI' => '/css/font.css'
    'QUERY_STRING' => ''
    'REQUEST_METHOD' => 'GET'
    'SERVER_PROTOCOL' => 'HTTP/1.1'
    'GATEWAY_INTERFACE' => 'CGI/1.1'
    'REDIRECT_URL' => '/css/font.css'
    'REMOTE_PORT' => '53788'
    'SCRIPT_FILENAME' => 'D:/angke-game_standard-master/game_standard-master/backend/web/index.php'
    'SERVER_ADMIN' => 'admin@phpStudy.net'
    'CONTEXT_DOCUMENT_ROOT' => 'D:/angke-game_standard-master/game_standard-master/backend/web'
    'CONTEXT_PREFIX' => ''
    'REQUEST_SCHEME' => 'http'
    'DOCUMENT_ROOT' => 'D:/angke-game_standard-master/game_standard-master/backend/web'
    'REMOTE_ADDR' => '127.0.0.1'
    'SERVER_PORT' => '80'
    'SERVER_ADDR' => '127.0.0.1'
    'SERVER_NAME' => 'www.daer.com'
    'SERVER_SOFTWARE' => 'Apache/2.4.23 (Win32) OpenSSL/1.0.2j mod_fcgid/2.3.9'
    'SERVER_SIGNATURE' => ''
    'SystemRoot' => 'C:\\WINDOWS'
    'HTTP_COOKIE' => 'advanced-backend=9qqfkumcrge5sn0c1aluf9pn45; _token_backend_=b2050b3be6c64a71cc179ae45d10b777f4519aa1dde302294fb8eb9480378278a%3A2%3A%7Bi%3A0%3Bs%3A15%3A%22_token_backend_%22%3Bi%3A1%3Bs%3A32%3A%22pC7zDNGYi2vQj6PQ-QzwxoiGnviXQvDu%22%3B%7D'
    'HTTP_ACCEPT_LANGUAGE' => 'zh-CN,zh;q=0.8'
    'HTTP_ACCEPT_ENCODING' => 'gzip, deflate'
    'HTTP_REFERER' => 'http://www.daer.com/login/login'
    'HTTP_ACCEPT' => 'text/css,*/*;q=0.1'
    'HTTP_USER_AGENT' => 'Mozilla/5.0 (Windows NT 10.0; WOW64) AppleWebKit/537.36 (KHTML, like Gecko) Chrome/59.0.3071.86 Safari/537.36'
    'HTTP_CONNECTION' => 'close'
    'HTTP_HOST' => 'www.daer.com'
    'REDIRECT_STATUS' => '200'
    'FCGI_ROLE' => 'RESPONDER'
    'PHP_SELF' => '/index.php'
    'REQUEST_TIME_FLOAT' => 1496927517.0264
    'REQUEST_TIME' => 1496927517
]
2017-06-08 21:13:04 [127.0.0.1][-][-][error][yii\web\HttpException:404] exception 'yii\base\InvalidRouteException' with message 'Unable to resolve the request "css/font.css".' in D:\angke-game_standard-master\game_standard-master\vendor\yiisoft\yii2\base\Module.php:532
Stack trace:
#0 D:\angke-game_standard-master\game_standard-master\vendor\yiisoft\yii2\web\Application.php(102): yii\base\Module->runAction('css/font.css', Array)
#1 D:\angke-game_standard-master\game_standard-master\vendor\yiisoft\yii2\base\Application.php(380): yii\web\Application->handleRequest(Object(yii\web\Request))
#2 D:\angke-game_standard-master\game_standard-master\backend\web\index.php(17): yii\base\Application->run()
#3 {main}

Next exception 'yii\web\NotFoundHttpException' with message '页面未找到。' in D:\angke-game_standard-master\game_standard-master\vendor\yiisoft\yii2\web\Application.php:114
Stack trace:
#0 D:\angke-game_standard-master\game_standard-master\vendor\yiisoft\yii2\base\Application.php(380): yii\web\Application->handleRequest(Object(yii\web\Request))
#1 D:\angke-game_standard-master\game_standard-master\backend\web\index.php(17): yii\base\Application->run()
#2 {main}
2017-06-08 21:13:04 [127.0.0.1][-][-][info][application] $_COOKIE = [
    'advanced-backend' => '9qqfkumcrge5sn0c1aluf9pn45'
    '_token_backend_' => 'b2050b3be6c64a71cc179ae45d10b777f4519aa1dde302294fb8eb9480378278a:2:{i:0;s:15:\"_token_backend_\";i:1;s:32:\"pC7zDNGYi2vQj6PQ-QzwxoiGnviXQvDu\";}'
]

$_SERVER = [
    'PATH' => 'C:\\Windows\\system32;C:\\Windows;C:\\Windows\\System32\\Wbem;C:\\Windows\\System32\\WindowsPowerShell\\v1.0\\;C:\\Program Files (x86)\\NVIDIA Corporation\\PhysX\\Common;D:\\phpStudy\\php\\php-5.6.27-nts;C:\\ProgramData\\ComposerSetup\\bin;C:\\WINDOWS\\system32;C:\\WINDOWS;C:\\WINDOWS\\System32\\Wbem;C:\\WINDOWS\\System32\\WindowsPowerShell\\v1.0\\;C:\\Program Files\\Git\\cmd;C:\\Program Files\\TortoiseGit\\bin;C:\\Users\\gba12\\AppData\\Roaming\\Composer\\vendor\\bin;C:\\Users\\gba12\\AppData\\Local\\Microsoft\\WindowsApps;'
    'SYSTEMROOT' => 'C:\\WINDOWS'
    'COMSPEC' => 'C:\\WINDOWS\\system32\\cmd.exe'
    'PATHEXT' => '.COM;.EXE;.BAT;.CMD;.VBS;.VBE;.JS;.JSE;.WSF;.WSH;.MSC'
    'WINDIR' => 'C:\\WINDOWS'
    'PHP_FCGI_MAX_REQUESTS' => '1000'
    'PHPRC' => 'D:/phpStudy/php/php-5.6.27-nts/'
    '_FCGI_SHUTDOWN_EVENT_' => '2052'
    'SCRIPT_NAME' => '/index.php'
    'REQUEST_URI' => '/css/font.css'
    'QUERY_STRING' => ''
    'REQUEST_METHOD' => 'GET'
    'SERVER_PROTOCOL' => 'HTTP/1.1'
    'GATEWAY_INTERFACE' => 'CGI/1.1'
    'REDIRECT_URL' => '/css/font.css'
    'REMOTE_PORT' => '53835'
    'SCRIPT_FILENAME' => 'D:/angke-game_standard-master/game_standard-master/backend/web/index.php'
    'SERVER_ADMIN' => 'admin@phpStudy.net'
    'CONTEXT_DOCUMENT_ROOT' => 'D:/angke-game_standard-master/game_standard-master/backend/web'
    'CONTEXT_PREFIX' => ''
    'REQUEST_SCHEME' => 'http'
    'DOCUMENT_ROOT' => 'D:/angke-game_standard-master/game_standard-master/backend/web'
    'REMOTE_ADDR' => '127.0.0.1'
    'SERVER_PORT' => '80'
    'SERVER_ADDR' => '127.0.0.1'
    'SERVER_NAME' => 'www.daer.com'
    'SERVER_SOFTWARE' => 'Apache/2.4.23 (Win32) OpenSSL/1.0.2j mod_fcgid/2.3.9'
    'SERVER_SIGNATURE' => ''
    'SystemRoot' => 'C:\\WINDOWS'
    'HTTP_COOKIE' => 'advanced-backend=9qqfkumcrge5sn0c1aluf9pn45; _token_backend_=b2050b3be6c64a71cc179ae45d10b777f4519aa1dde302294fb8eb9480378278a%3A2%3A%7Bi%3A0%3Bs%3A15%3A%22_token_backend_%22%3Bi%3A1%3Bs%3A32%3A%22pC7zDNGYi2vQj6PQ-QzwxoiGnviXQvDu%22%3B%7D'
    'HTTP_ACCEPT_LANGUAGE' => 'zh-CN,zh;q=0.8'
    'HTTP_ACCEPT_ENCODING' => 'gzip, deflate'
    'HTTP_REFERER' => 'http://www.daer.com/login/login'
    'HTTP_ACCEPT' => 'text/css,*/*;q=0.1'
    'HTTP_USER_AGENT' => 'Mozilla/5.0 (Windows NT 10.0; WOW64) AppleWebKit/537.36 (KHTML, like Gecko) Chrome/59.0.3071.86 Safari/537.36'
    'HTTP_CONNECTION' => 'close'
    'HTTP_HOST' => 'www.daer.com'
    'REDIRECT_STATUS' => '200'
    'FCGI_ROLE' => 'RESPONDER'
    'PHP_SELF' => '/index.php'
    'REQUEST_TIME_FLOAT' => 1496927584.7802
    'REQUEST_TIME' => 1496927584
]
2017-06-08 21:13:09 [127.0.0.1][-][-][error][yii\web\HttpException:404] exception 'yii\base\InvalidRouteException' with message 'Unable to resolve the request "css/font.css".' in D:\angke-game_standard-master\game_standard-master\vendor\yiisoft\yii2\base\Module.php:532
Stack trace:
#0 D:\angke-game_standard-master\game_standard-master\vendor\yiisoft\yii2\web\Application.php(102): yii\base\Module->runAction('css/font.css', Array)
#1 D:\angke-game_standard-master\game_standard-master\vendor\yiisoft\yii2\base\Application.php(380): yii\web\Application->handleRequest(Object(yii\web\Request))
#2 D:\angke-game_standard-master\game_standard-master\backend\web\index.php(17): yii\base\Application->run()
#3 {main}

Next exception 'yii\web\NotFoundHttpException' with message '页面未找到。' in D:\angke-game_standard-master\game_standard-master\vendor\yiisoft\yii2\web\Application.php:114
Stack trace:
#0 D:\angke-game_standard-master\game_standard-master\vendor\yiisoft\yii2\base\Application.php(380): yii\web\Application->handleRequest(Object(yii\web\Request))
#1 D:\angke-game_standard-master\game_standard-master\backend\web\index.php(17): yii\base\Application->run()
#2 {main}
2017-06-08 21:13:09 [127.0.0.1][-][-][info][application] $_COOKIE = [
    'advanced-backend' => '9qqfkumcrge5sn0c1aluf9pn45'
    '_token_backend_' => 'b2050b3be6c64a71cc179ae45d10b777f4519aa1dde302294fb8eb9480378278a:2:{i:0;s:15:\"_token_backend_\";i:1;s:32:\"pC7zDNGYi2vQj6PQ-QzwxoiGnviXQvDu\";}'
]

$_SERVER = [
    'PATH' => 'C:\\Windows\\system32;C:\\Windows;C:\\Windows\\System32\\Wbem;C:\\Windows\\System32\\WindowsPowerShell\\v1.0\\;C:\\Program Files (x86)\\NVIDIA Corporation\\PhysX\\Common;D:\\phpStudy\\php\\php-5.6.27-nts;C:\\ProgramData\\ComposerSetup\\bin;C:\\WINDOWS\\system32;C:\\WINDOWS;C:\\WINDOWS\\System32\\Wbem;C:\\WINDOWS\\System32\\WindowsPowerShell\\v1.0\\;C:\\Program Files\\Git\\cmd;C:\\Program Files\\TortoiseGit\\bin;C:\\Users\\gba12\\AppData\\Roaming\\Composer\\vendor\\bin;C:\\Users\\gba12\\AppData\\Local\\Microsoft\\WindowsApps;'
    'SYSTEMROOT' => 'C:\\WINDOWS'
    'COMSPEC' => 'C:\\WINDOWS\\system32\\cmd.exe'
    'PATHEXT' => '.COM;.EXE;.BAT;.CMD;.VBS;.VBE;.JS;.JSE;.WSF;.WSH;.MSC'
    'WINDIR' => 'C:\\WINDOWS'
    'PHP_FCGI_MAX_REQUESTS' => '1000'
    'PHPRC' => 'D:/phpStudy/php/php-5.6.27-nts/'
    '_FCGI_SHUTDOWN_EVENT_' => '2052'
    'SCRIPT_NAME' => '/index.php'
    'REQUEST_URI' => '/css/font.css'
    'QUERY_STRING' => ''
    'REQUEST_METHOD' => 'GET'
    'SERVER_PROTOCOL' => 'HTTP/1.1'
    'GATEWAY_INTERFACE' => 'CGI/1.1'
    'REDIRECT_URL' => '/css/font.css'
    'REMOTE_PORT' => '53838'
    'SCRIPT_FILENAME' => 'D:/angke-game_standard-master/game_standard-master/backend/web/index.php'
    'SERVER_ADMIN' => 'admin@phpStudy.net'
    'CONTEXT_DOCUMENT_ROOT' => 'D:/angke-game_standard-master/game_standard-master/backend/web'
    'CONTEXT_PREFIX' => ''
    'REQUEST_SCHEME' => 'http'
    'DOCUMENT_ROOT' => 'D:/angke-game_standard-master/game_standard-master/backend/web'
    'REMOTE_ADDR' => '127.0.0.1'
    'SERVER_PORT' => '80'
    'SERVER_ADDR' => '127.0.0.1'
    'SERVER_NAME' => 'www.daer.com'
    'SERVER_SOFTWARE' => 'Apache/2.4.23 (Win32) OpenSSL/1.0.2j mod_fcgid/2.3.9'
    'SERVER_SIGNATURE' => ''
    'SystemRoot' => 'C:\\WINDOWS'
    'HTTP_COOKIE' => 'advanced-backend=9qqfkumcrge5sn0c1aluf9pn45; _token_backend_=b2050b3be6c64a71cc179ae45d10b777f4519aa1dde302294fb8eb9480378278a%3A2%3A%7Bi%3A0%3Bs%3A15%3A%22_token_backend_%22%3Bi%3A1%3Bs%3A32%3A%22pC7zDNGYi2vQj6PQ-QzwxoiGnviXQvDu%22%3B%7D'
    'HTTP_ACCEPT_LANGUAGE' => 'zh-CN,zh;q=0.8'
    'HTTP_ACCEPT_ENCODING' => 'gzip, deflate'
    'HTTP_REFERER' => 'http://www.daer.com/login/login'
    'HTTP_ACCEPT' => 'text/css,*/*;q=0.1'
    'HTTP_USER_AGENT' => 'Mozilla/5.0 (Windows NT 10.0; WOW64) AppleWebKit/537.36 (KHTML, like Gecko) Chrome/59.0.3071.86 Safari/537.36'
    'HTTP_CONNECTION' => 'close'
    'HTTP_HOST' => 'www.daer.com'
    'REDIRECT_STATUS' => '200'
    'FCGI_ROLE' => 'RESPONDER'
    'PHP_SELF' => '/index.php'
    'REQUEST_TIME_FLOAT' => 1496927589.2027
    'REQUEST_TIME' => 1496927589
]
2017-06-08 21:13:15 [127.0.0.1][-][-][error][yii\web\HttpException:404] exception 'yii\base\InvalidRouteException' with message 'Unable to resolve the request "css/font.css".' in D:\angke-game_standard-master\game_standard-master\vendor\yiisoft\yii2\base\Module.php:532
Stack trace:
#0 D:\angke-game_standard-master\game_standard-master\vendor\yiisoft\yii2\web\Application.php(102): yii\base\Module->runAction('css/font.css', Array)
#1 D:\angke-game_standard-master\game_standard-master\vendor\yiisoft\yii2\base\Application.php(380): yii\web\Application->handleRequest(Object(yii\web\Request))
#2 D:\angke-game_standard-master\game_standard-master\backend\web\index.php(17): yii\base\Application->run()
#3 {main}

Next exception 'yii\web\NotFoundHttpException' with message '页面未找到。' in D:\angke-game_standard-master\game_standard-master\vendor\yiisoft\yii2\web\Application.php:114
Stack trace:
#0 D:\angke-game_standard-master\game_standard-master\vendor\yiisoft\yii2\base\Application.php(380): yii\web\Application->handleRequest(Object(yii\web\Request))
#1 D:\angke-game_standard-master\game_standard-master\backend\web\index.php(17): yii\base\Application->run()
#2 {main}
2017-06-08 21:13:15 [127.0.0.1][-][-][info][application] $_COOKIE = [
    'advanced-backend' => '9qqfkumcrge5sn0c1aluf9pn45'
    '_token_backend_' => 'b2050b3be6c64a71cc179ae45d10b777f4519aa1dde302294fb8eb9480378278a:2:{i:0;s:15:\"_token_backend_\";i:1;s:32:\"pC7zDNGYi2vQj6PQ-QzwxoiGnviXQvDu\";}'
]

$_SERVER = [
    'PATH' => 'C:\\Windows\\system32;C:\\Windows;C:\\Windows\\System32\\Wbem;C:\\Windows\\System32\\WindowsPowerShell\\v1.0\\;C:\\Program Files (x86)\\NVIDIA Corporation\\PhysX\\Common;D:\\phpStudy\\php\\php-5.6.27-nts;C:\\ProgramData\\ComposerSetup\\bin;C:\\WINDOWS\\system32;C:\\WINDOWS;C:\\WINDOWS\\System32\\Wbem;C:\\WINDOWS\\System32\\WindowsPowerShell\\v1.0\\;C:\\Program Files\\Git\\cmd;C:\\Program Files\\TortoiseGit\\bin;C:\\Users\\gba12\\AppData\\Roaming\\Composer\\vendor\\bin;C:\\Users\\gba12\\AppData\\Local\\Microsoft\\WindowsApps;'
    'SYSTEMROOT' => 'C:\\WINDOWS'
    'COMSPEC' => 'C:\\WINDOWS\\system32\\cmd.exe'
    'PATHEXT' => '.COM;.EXE;.BAT;.CMD;.VBS;.VBE;.JS;.JSE;.WSF;.WSH;.MSC'
    'WINDIR' => 'C:\\WINDOWS'
    'PHP_FCGI_MAX_REQUESTS' => '1000'
    'PHPRC' => 'D:/phpStudy/php/php-5.6.27-nts/'
    '_FCGI_SHUTDOWN_EVENT_' => '2052'
    'SCRIPT_NAME' => '/index.php'
    'REQUEST_URI' => '/css/font.css'
    'QUERY_STRING' => ''
    'REQUEST_METHOD' => 'GET'
    'SERVER_PROTOCOL' => 'HTTP/1.1'
    'GATEWAY_INTERFACE' => 'CGI/1.1'
    'REDIRECT_URL' => '/css/font.css'
    'REMOTE_PORT' => '53842'
    'SCRIPT_FILENAME' => 'D:/angke-game_standard-master/game_standard-master/backend/web/index.php'
    'SERVER_ADMIN' => 'admin@phpStudy.net'
    'CONTEXT_DOCUMENT_ROOT' => 'D:/angke-game_standard-master/game_standard-master/backend/web'
    'CONTEXT_PREFIX' => ''
    'REQUEST_SCHEME' => 'http'
    'DOCUMENT_ROOT' => 'D:/angke-game_standard-master/game_standard-master/backend/web'
    'REMOTE_ADDR' => '127.0.0.1'
    'SERVER_PORT' => '80'
    'SERVER_ADDR' => '127.0.0.1'
    'SERVER_NAME' => 'www.daer.com'
    'SERVER_SOFTWARE' => 'Apache/2.4.23 (Win32) OpenSSL/1.0.2j mod_fcgid/2.3.9'
    'SERVER_SIGNATURE' => ''
    'SystemRoot' => 'C:\\WINDOWS'
    'HTTP_COOKIE' => 'advanced-backend=9qqfkumcrge5sn0c1aluf9pn45; _token_backend_=b2050b3be6c64a71cc179ae45d10b777f4519aa1dde302294fb8eb9480378278a%3A2%3A%7Bi%3A0%3Bs%3A15%3A%22_token_backend_%22%3Bi%3A1%3Bs%3A32%3A%22pC7zDNGYi2vQj6PQ-QzwxoiGnviXQvDu%22%3B%7D'
    'HTTP_ACCEPT_LANGUAGE' => 'zh-CN,zh;q=0.8'
    'HTTP_ACCEPT_ENCODING' => 'gzip, deflate'
    'HTTP_REFERER' => 'http://www.daer.com/login/login'
    'HTTP_ACCEPT' => 'text/css,*/*;q=0.1'
    'HTTP_USER_AGENT' => 'Mozilla/5.0 (Windows NT 10.0; WOW64) AppleWebKit/537.36 (KHTML, like Gecko) Chrome/59.0.3071.86 Safari/537.36'
    'HTTP_CONNECTION' => 'close'
    'HTTP_HOST' => 'www.daer.com'
    'REDIRECT_STATUS' => '200'
    'FCGI_ROLE' => 'RESPONDER'
    'PHP_SELF' => '/index.php'
    'REQUEST_TIME_FLOAT' => 1496927595.3397
    'REQUEST_TIME' => 1496927595
]
2017-06-08 21:14:20 [127.0.0.1][-][-][error][yii\web\HttpException:404] exception 'yii\base\InvalidRouteException' with message 'Unable to resolve the request "css/font.css".' in D:\angke-game_standard-master\game_standard-master\vendor\yiisoft\yii2\base\Module.php:532
Stack trace:
#0 D:\angke-game_standard-master\game_standard-master\vendor\yiisoft\yii2\web\Application.php(102): yii\base\Module->runAction('css/font.css', Array)
#1 D:\angke-game_standard-master\game_standard-master\vendor\yiisoft\yii2\base\Application.php(380): yii\web\Application->handleRequest(Object(yii\web\Request))
#2 D:\angke-game_standard-master\game_standard-master\backend\web\index.php(17): yii\base\Application->run()
#3 {main}

Next exception 'yii\web\NotFoundHttpException' with message '页面未找到。' in D:\angke-game_standard-master\game_standard-master\vendor\yiisoft\yii2\web\Application.php:114
Stack trace:
#0 D:\angke-game_standard-master\game_standard-master\vendor\yiisoft\yii2\base\Application.php(380): yii\web\Application->handleRequest(Object(yii\web\Request))
#1 D:\angke-game_standard-master\game_standard-master\backend\web\index.php(17): yii\base\Application->run()
#2 {main}
2017-06-08 21:14:20 [127.0.0.1][-][-][info][application] $_COOKIE = [
    'advanced-backend' => '9qqfkumcrge5sn0c1aluf9pn45'
    '_token_backend_' => 'b2050b3be6c64a71cc179ae45d10b777f4519aa1dde302294fb8eb9480378278a:2:{i:0;s:15:\"_token_backend_\";i:1;s:32:\"pC7zDNGYi2vQj6PQ-QzwxoiGnviXQvDu\";}'
]

$_SERVER = [
    'PATH' => 'C:\\Windows\\system32;C:\\Windows;C:\\Windows\\System32\\Wbem;C:\\Windows\\System32\\WindowsPowerShell\\v1.0\\;C:\\Program Files (x86)\\NVIDIA Corporation\\PhysX\\Common;D:\\phpStudy\\php\\php-5.6.27-nts;C:\\ProgramData\\ComposerSetup\\bin;C:\\WINDOWS\\system32;C:\\WINDOWS;C:\\WINDOWS\\System32\\Wbem;C:\\WINDOWS\\System32\\WindowsPowerShell\\v1.0\\;C:\\Program Files\\Git\\cmd;C:\\Program Files\\TortoiseGit\\bin;C:\\Users\\gba12\\AppData\\Roaming\\Composer\\vendor\\bin;C:\\Users\\gba12\\AppData\\Local\\Microsoft\\WindowsApps;'
    'SYSTEMROOT' => 'C:\\WINDOWS'
    'COMSPEC' => 'C:\\WINDOWS\\system32\\cmd.exe'
    'PATHEXT' => '.COM;.EXE;.BAT;.CMD;.VBS;.VBE;.JS;.JSE;.WSF;.WSH;.MSC'
    'WINDIR' => 'C:\\WINDOWS'
    'PHP_FCGI_MAX_REQUESTS' => '1000'
    'PHPRC' => 'D:/phpStudy/php/php-5.6.27-nts/'
    '_FCGI_SHUTDOWN_EVENT_' => '2052'
    'SCRIPT_NAME' => '/index.php'
    'REQUEST_URI' => '/css/font.css'
    'QUERY_STRING' => ''
    'REQUEST_METHOD' => 'GET'
    'SERVER_PROTOCOL' => 'HTTP/1.1'
    'GATEWAY_INTERFACE' => 'CGI/1.1'
    'REDIRECT_URL' => '/css/font.css'
    'REMOTE_PORT' => '53926'
    'SCRIPT_FILENAME' => 'D:/angke-game_standard-master/game_standard-master/backend/web/index.php'
    'SERVER_ADMIN' => 'admin@phpStudy.net'
    'CONTEXT_DOCUMENT_ROOT' => 'D:/angke-game_standard-master/game_standard-master/backend/web'
    'CONTEXT_PREFIX' => ''
    'REQUEST_SCHEME' => 'http'
    'DOCUMENT_ROOT' => 'D:/angke-game_standard-master/game_standard-master/backend/web'
    'REMOTE_ADDR' => '127.0.0.1'
    'SERVER_PORT' => '80'
    'SERVER_ADDR' => '127.0.0.1'
    'SERVER_NAME' => 'www.daer.com'
    'SERVER_SOFTWARE' => 'Apache/2.4.23 (Win32) OpenSSL/1.0.2j mod_fcgid/2.3.9'
    'SERVER_SIGNATURE' => ''
    'SystemRoot' => 'C:\\WINDOWS'
    'HTTP_COOKIE' => 'advanced-backend=9qqfkumcrge5sn0c1aluf9pn45; _token_backend_=b2050b3be6c64a71cc179ae45d10b777f4519aa1dde302294fb8eb9480378278a%3A2%3A%7Bi%3A0%3Bs%3A15%3A%22_token_backend_%22%3Bi%3A1%3Bs%3A32%3A%22pC7zDNGYi2vQj6PQ-QzwxoiGnviXQvDu%22%3B%7D'
    'HTTP_ACCEPT_LANGUAGE' => 'zh-CN,zh;q=0.8'
    'HTTP_ACCEPT_ENCODING' => 'gzip, deflate'
    'HTTP_REFERER' => 'http://www.daer.com/login/login'
    'HTTP_ACCEPT' => 'text/css,*/*;q=0.1'
    'HTTP_USER_AGENT' => 'Mozilla/5.0 (Windows NT 10.0; WOW64) AppleWebKit/537.36 (KHTML, like Gecko) Chrome/59.0.3071.86 Safari/537.36'
    'HTTP_CONNECTION' => 'close'
    'HTTP_HOST' => 'www.daer.com'
    'REDIRECT_STATUS' => '200'
    'FCGI_ROLE' => 'RESPONDER'
    'PHP_SELF' => '/index.php'
    'REQUEST_TIME_FLOAT' => 1496927660.1408
    'REQUEST_TIME' => 1496927660
]
2017-06-08 21:19:18 [127.0.0.1][-][-][error][yii\web\HttpException:404] exception 'yii\base\InvalidRouteException' with message 'Unable to resolve the request "css/font.css".' in D:\angke-game_standard-master\game_standard-master\vendor\yiisoft\yii2\base\Module.php:532
Stack trace:
#0 D:\angke-game_standard-master\game_standard-master\vendor\yiisoft\yii2\web\Application.php(102): yii\base\Module->runAction('css/font.css', Array)
#1 D:\angke-game_standard-master\game_standard-master\vendor\yiisoft\yii2\base\Application.php(380): yii\web\Application->handleRequest(Object(yii\web\Request))
#2 D:\angke-game_standard-master\game_standard-master\backend\web\index.php(17): yii\base\Application->run()
#3 {main}

Next exception 'yii\web\NotFoundHttpException' with message '页面未找到。' in D:\angke-game_standard-master\game_standard-master\vendor\yiisoft\yii2\web\Application.php:114
Stack trace:
#0 D:\angke-game_standard-master\game_standard-master\vendor\yiisoft\yii2\base\Application.php(380): yii\web\Application->handleRequest(Object(yii\web\Request))
#1 D:\angke-game_standard-master\game_standard-master\backend\web\index.php(17): yii\base\Application->run()
#2 {main}
2017-06-08 21:19:18 [127.0.0.1][-][-][info][application] $_COOKIE = [
    'advanced-backend' => '9qqfkumcrge5sn0c1aluf9pn45'
    '_token_backend_' => 'b2050b3be6c64a71cc179ae45d10b777f4519aa1dde302294fb8eb9480378278a:2:{i:0;s:15:\"_token_backend_\";i:1;s:32:\"pC7zDNGYi2vQj6PQ-QzwxoiGnviXQvDu\";}'
]

$_SERVER = [
    'PATH' => 'C:\\Windows\\system32;C:\\Windows;C:\\Windows\\System32\\Wbem;C:\\Windows\\System32\\WindowsPowerShell\\v1.0\\;C:\\Program Files (x86)\\NVIDIA Corporation\\PhysX\\Common;D:\\phpStudy\\php\\php-5.6.27-nts;C:\\ProgramData\\ComposerSetup\\bin;C:\\WINDOWS\\system32;C:\\WINDOWS;C:\\WINDOWS\\System32\\Wbem;C:\\WINDOWS\\System32\\WindowsPowerShell\\v1.0\\;C:\\Program Files\\Git\\cmd;C:\\Program Files\\TortoiseGit\\bin;C:\\Users\\gba12\\AppData\\Roaming\\Composer\\vendor\\bin;C:\\Users\\gba12\\AppData\\Local\\Microsoft\\WindowsApps;'
    'SYSTEMROOT' => 'C:\\WINDOWS'
    'COMSPEC' => 'C:\\WINDOWS\\system32\\cmd.exe'
    'PATHEXT' => '.COM;.EXE;.BAT;.CMD;.VBS;.VBE;.JS;.JSE;.WSF;.WSH;.MSC'
    'WINDIR' => 'C:\\WINDOWS'
    'PHP_FCGI_MAX_REQUESTS' => '1000'
    'PHPRC' => 'D:/phpStudy/php/php-5.6.27-nts/'
    '_FCGI_SHUTDOWN_EVENT_' => '2232'
    'SCRIPT_NAME' => '/index.php'
    'REQUEST_URI' => '/css/font.css'
    'QUERY_STRING' => ''
    'REQUEST_METHOD' => 'GET'
    'SERVER_PROTOCOL' => 'HTTP/1.1'
    'GATEWAY_INTERFACE' => 'CGI/1.1'
    'REDIRECT_URL' => '/css/font.css'
    'REMOTE_PORT' => '54152'
    'SCRIPT_FILENAME' => 'D:/angke-game_standard-master/game_standard-master/backend/web/index.php'
    'SERVER_ADMIN' => 'admin@phpStudy.net'
    'CONTEXT_DOCUMENT_ROOT' => 'D:/angke-game_standard-master/game_standard-master/backend/web'
    'CONTEXT_PREFIX' => ''
    'REQUEST_SCHEME' => 'http'
    'DOCUMENT_ROOT' => 'D:/angke-game_standard-master/game_standard-master/backend/web'
    'REMOTE_ADDR' => '127.0.0.1'
    'SERVER_PORT' => '80'
    'SERVER_ADDR' => '127.0.0.1'
    'SERVER_NAME' => 'www.daer.com'
    'SERVER_SOFTWARE' => 'Apache/2.4.23 (Win32) OpenSSL/1.0.2j mod_fcgid/2.3.9'
    'SERVER_SIGNATURE' => ''
    'SystemRoot' => 'C:\\WINDOWS'
    'HTTP_COOKIE' => 'advanced-backend=9qqfkumcrge5sn0c1aluf9pn45; _token_backend_=b2050b3be6c64a71cc179ae45d10b777f4519aa1dde302294fb8eb9480378278a%3A2%3A%7Bi%3A0%3Bs%3A15%3A%22_token_backend_%22%3Bi%3A1%3Bs%3A32%3A%22pC7zDNGYi2vQj6PQ-QzwxoiGnviXQvDu%22%3B%7D'
    'HTTP_ACCEPT_LANGUAGE' => 'zh-CN,zh;q=0.8'
    'HTTP_ACCEPT_ENCODING' => 'gzip, deflate'
    'HTTP_REFERER' => 'http://www.daer.com/login/login'
    'HTTP_ACCEPT' => 'text/css,*/*;q=0.1'
    'HTTP_USER_AGENT' => 'Mozilla/5.0 (Windows NT 10.0; WOW64) AppleWebKit/537.36 (KHTML, like Gecko) Chrome/59.0.3071.86 Safari/537.36'
    'HTTP_CONNECTION' => 'close'
    'HTTP_HOST' => 'www.daer.com'
    'REDIRECT_STATUS' => '200'
    'FCGI_ROLE' => 'RESPONDER'
    'PHP_SELF' => '/index.php'
    'REQUEST_TIME_FLOAT' => 1496927958.0681
    'REQUEST_TIME' => 1496927958
]
2017-06-08 21:19:22 [127.0.0.1][-][-][error][yii\web\HttpException:404] exception 'yii\base\InvalidRouteException' with message 'Unable to resolve the request "css/font.css".' in D:\angke-game_standard-master\game_standard-master\vendor\yiisoft\yii2\base\Module.php:532
Stack trace:
#0 D:\angke-game_standard-master\game_standard-master\vendor\yiisoft\yii2\web\Application.php(102): yii\base\Module->runAction('css/font.css', Array)
#1 D:\angke-game_standard-master\game_standard-master\vendor\yiisoft\yii2\base\Application.php(380): yii\web\Application->handleRequest(Object(yii\web\Request))
#2 D:\angke-game_standard-master\game_standard-master\backend\web\index.php(17): yii\base\Application->run()
#3 {main}

Next exception 'yii\web\NotFoundHttpException' with message '页面未找到。' in D:\angke-game_standard-master\game_standard-master\vendor\yiisoft\yii2\web\Application.php:114
Stack trace:
#0 D:\angke-game_standard-master\game_standard-master\vendor\yiisoft\yii2\base\Application.php(380): yii\web\Application->handleRequest(Object(yii\web\Request))
#1 D:\angke-game_standard-master\game_standard-master\backend\web\index.php(17): yii\base\Application->run()
#2 {main}
2017-06-08 21:19:22 [127.0.0.1][-][-][info][application] $_COOKIE = [
    'advanced-backend' => '9qqfkumcrge5sn0c1aluf9pn45'
    '_token_backend_' => 'b2050b3be6c64a71cc179ae45d10b777f4519aa1dde302294fb8eb9480378278a:2:{i:0;s:15:\"_token_backend_\";i:1;s:32:\"pC7zDNGYi2vQj6PQ-QzwxoiGnviXQvDu\";}'
]

$_SERVER = [
    'PATH' => 'C:\\Windows\\system32;C:\\Windows;C:\\Windows\\System32\\Wbem;C:\\Windows\\System32\\WindowsPowerShell\\v1.0\\;C:\\Program Files (x86)\\NVIDIA Corporation\\PhysX\\Common;D:\\phpStudy\\php\\php-5.6.27-nts;C:\\ProgramData\\ComposerSetup\\bin;C:\\WINDOWS\\system32;C:\\WINDOWS;C:\\WINDOWS\\System32\\Wbem;C:\\WINDOWS\\System32\\WindowsPowerShell\\v1.0\\;C:\\Program Files\\Git\\cmd;C:\\Program Files\\TortoiseGit\\bin;C:\\Users\\gba12\\AppData\\Roaming\\Composer\\vendor\\bin;C:\\Users\\gba12\\AppData\\Local\\Microsoft\\WindowsApps;'
    'SYSTEMROOT' => 'C:\\WINDOWS'
    'COMSPEC' => 'C:\\WINDOWS\\system32\\cmd.exe'
    'PATHEXT' => '.COM;.EXE;.BAT;.CMD;.VBS;.VBE;.JS;.JSE;.WSF;.WSH;.MSC'
    'WINDIR' => 'C:\\WINDOWS'
    'PHP_FCGI_MAX_REQUESTS' => '1000'
    'PHPRC' => 'D:/phpStudy/php/php-5.6.27-nts/'
    '_FCGI_SHUTDOWN_EVENT_' => '2232'
    'SCRIPT_NAME' => '/index.php'
    'REQUEST_URI' => '/css/font.css'
    'QUERY_STRING' => ''
    'REQUEST_METHOD' => 'GET'
    'SERVER_PROTOCOL' => 'HTTP/1.1'
    'GATEWAY_INTERFACE' => 'CGI/1.1'
    'REDIRECT_URL' => '/css/font.css'
    'REMOTE_PORT' => '54156'
    'SCRIPT_FILENAME' => 'D:/angke-game_standard-master/game_standard-master/backend/web/index.php'
    'SERVER_ADMIN' => 'admin@phpStudy.net'
    'CONTEXT_DOCUMENT_ROOT' => 'D:/angke-game_standard-master/game_standard-master/backend/web'
    'CONTEXT_PREFIX' => ''
    'REQUEST_SCHEME' => 'http'
    'DOCUMENT_ROOT' => 'D:/angke-game_standard-master/game_standard-master/backend/web'
    'REMOTE_ADDR' => '127.0.0.1'
    'SERVER_PORT' => '80'
    'SERVER_ADDR' => '127.0.0.1'
    'SERVER_NAME' => 'www.daer.com'
    'SERVER_SOFTWARE' => 'Apache/2.4.23 (Win32) OpenSSL/1.0.2j mod_fcgid/2.3.9'
    'SERVER_SIGNATURE' => ''
    'SystemRoot' => 'C:\\WINDOWS'
    'HTTP_COOKIE' => 'advanced-backend=9qqfkumcrge5sn0c1aluf9pn45; _token_backend_=b2050b3be6c64a71cc179ae45d10b777f4519aa1dde302294fb8eb9480378278a%3A2%3A%7Bi%3A0%3Bs%3A15%3A%22_token_backend_%22%3Bi%3A1%3Bs%3A32%3A%22pC7zDNGYi2vQj6PQ-QzwxoiGnviXQvDu%22%3B%7D'
    'HTTP_ACCEPT_LANGUAGE' => 'zh-CN,zh;q=0.8'
    'HTTP_ACCEPT_ENCODING' => 'gzip, deflate'
    'HTTP_REFERER' => 'http://www.daer.com/login/login'
    'HTTP_ACCEPT' => 'text/css,*/*;q=0.1'
    'HTTP_USER_AGENT' => 'Mozilla/5.0 (Windows NT 10.0; WOW64) AppleWebKit/537.36 (KHTML, like Gecko) Chrome/59.0.3071.86 Safari/537.36'
    'HTTP_CONNECTION' => 'close'
    'HTTP_HOST' => 'www.daer.com'
    'REDIRECT_STATUS' => '200'
    'FCGI_ROLE' => 'RESPONDER'
    'PHP_SELF' => '/index.php'
    'REQUEST_TIME_FLOAT' => 1496927962.8112
    'REQUEST_TIME' => 1496927962
]
2017-06-08 21:19:27 [127.0.0.1][-][-][error][yii\web\HttpException:404] exception 'yii\base\InvalidRouteException' with message 'Unable to resolve the request "css/font.css".' in D:\angke-game_standard-master\game_standard-master\vendor\yiisoft\yii2\base\Module.php:532
Stack trace:
#0 D:\angke-game_standard-master\game_standard-master\vendor\yiisoft\yii2\web\Application.php(102): yii\base\Module->runAction('css/font.css', Array)
#1 D:\angke-game_standard-master\game_standard-master\vendor\yiisoft\yii2\base\Application.php(380): yii\web\Application->handleRequest(Object(yii\web\Request))
#2 D:\angke-game_standard-master\game_standard-master\backend\web\index.php(17): yii\base\Application->run()
#3 {main}

Next exception 'yii\web\NotFoundHttpException' with message '页面未找到。' in D:\angke-game_standard-master\game_standard-master\vendor\yiisoft\yii2\web\Application.php:114
Stack trace:
#0 D:\angke-game_standard-master\game_standard-master\vendor\yiisoft\yii2\base\Application.php(380): yii\web\Application->handleRequest(Object(yii\web\Request))
#1 D:\angke-game_standard-master\game_standard-master\backend\web\index.php(17): yii\base\Application->run()
#2 {main}
2017-06-08 21:19:27 [127.0.0.1][-][-][info][application] $_COOKIE = [
    'advanced-backend' => '9qqfkumcrge5sn0c1aluf9pn45'
    '_token_backend_' => 'b2050b3be6c64a71cc179ae45d10b777f4519aa1dde302294fb8eb9480378278a:2:{i:0;s:15:\"_token_backend_\";i:1;s:32:\"pC7zDNGYi2vQj6PQ-QzwxoiGnviXQvDu\";}'
]

$_SERVER = [
    'PATH' => 'C:\\Windows\\system32;C:\\Windows;C:\\Windows\\System32\\Wbem;C:\\Windows\\System32\\WindowsPowerShell\\v1.0\\;C:\\Program Files (x86)\\NVIDIA Corporation\\PhysX\\Common;D:\\phpStudy\\php\\php-5.6.27-nts;C:\\ProgramData\\ComposerSetup\\bin;C:\\WINDOWS\\system32;C:\\WINDOWS;C:\\WINDOWS\\System32\\Wbem;C:\\WINDOWS\\System32\\WindowsPowerShell\\v1.0\\;C:\\Program Files\\Git\\cmd;C:\\Program Files\\TortoiseGit\\bin;C:\\Users\\gba12\\AppData\\Roaming\\Composer\\vendor\\bin;C:\\Users\\gba12\\AppData\\Local\\Microsoft\\WindowsApps;'
    'SYSTEMROOT' => 'C:\\WINDOWS'
    'COMSPEC' => 'C:\\WINDOWS\\system32\\cmd.exe'
    'PATHEXT' => '.COM;.EXE;.BAT;.CMD;.VBS;.VBE;.JS;.JSE;.WSF;.WSH;.MSC'
    'WINDIR' => 'C:\\WINDOWS'
    'PHP_FCGI_MAX_REQUESTS' => '1000'
    'PHPRC' => 'D:/phpStudy/php/php-5.6.27-nts/'
    '_FCGI_SHUTDOWN_EVENT_' => '2232'
    'SCRIPT_NAME' => '/index.php'
    'REQUEST_URI' => '/css/font.css'
    'QUERY_STRING' => ''
    'REQUEST_METHOD' => 'GET'
    'SERVER_PROTOCOL' => 'HTTP/1.1'
    'GATEWAY_INTERFACE' => 'CGI/1.1'
    'REDIRECT_URL' => '/css/font.css'
    'REMOTE_PORT' => '54164'
    'SCRIPT_FILENAME' => 'D:/angke-game_standard-master/game_standard-master/backend/web/index.php'
    'SERVER_ADMIN' => 'admin@phpStudy.net'
    'CONTEXT_DOCUMENT_ROOT' => 'D:/angke-game_standard-master/game_standard-master/backend/web'
    'CONTEXT_PREFIX' => ''
    'REQUEST_SCHEME' => 'http'
    'DOCUMENT_ROOT' => 'D:/angke-game_standard-master/game_standard-master/backend/web'
    'REMOTE_ADDR' => '127.0.0.1'
    'SERVER_PORT' => '80'
    'SERVER_ADDR' => '127.0.0.1'
    'SERVER_NAME' => 'www.daer.com'
    'SERVER_SOFTWARE' => 'Apache/2.4.23 (Win32) OpenSSL/1.0.2j mod_fcgid/2.3.9'
    'SERVER_SIGNATURE' => ''
    'SystemRoot' => 'C:\\WINDOWS'
    'HTTP_COOKIE' => 'advanced-backend=9qqfkumcrge5sn0c1aluf9pn45; _token_backend_=b2050b3be6c64a71cc179ae45d10b777f4519aa1dde302294fb8eb9480378278a%3A2%3A%7Bi%3A0%3Bs%3A15%3A%22_token_backend_%22%3Bi%3A1%3Bs%3A32%3A%22pC7zDNGYi2vQj6PQ-QzwxoiGnviXQvDu%22%3B%7D'
    'HTTP_ACCEPT_LANGUAGE' => 'zh-CN,zh;q=0.8'
    'HTTP_ACCEPT_ENCODING' => 'gzip, deflate'
    'HTTP_REFERER' => 'http://www.daer.com/login/login'
    'HTTP_ACCEPT' => 'text/css,*/*;q=0.1'
    'HTTP_USER_AGENT' => 'Mozilla/5.0 (Windows NT 10.0; WOW64) AppleWebKit/537.36 (KHTML, like Gecko) Chrome/59.0.3071.86 Safari/537.36'
    'HTTP_CONNECTION' => 'close'
    'HTTP_HOST' => 'www.daer.com'
    'REDIRECT_STATUS' => '200'
    'FCGI_ROLE' => 'RESPONDER'
    'PHP_SELF' => '/index.php'
    'REQUEST_TIME_FLOAT' => 1496927967.7396
    'REQUEST_TIME' => 1496927967
]
2017-06-08 21:19:30 [127.0.0.1][-][-][error][yii\web\HttpException:404] exception 'yii\base\InvalidRouteException' with message 'Unable to resolve the request "css/font.css".' in D:\angke-game_standard-master\game_standard-master\vendor\yiisoft\yii2\base\Module.php:532
Stack trace:
#0 D:\angke-game_standard-master\game_standard-master\vendor\yiisoft\yii2\web\Application.php(102): yii\base\Module->runAction('css/font.css', Array)
#1 D:\angke-game_standard-master\game_standard-master\vendor\yiisoft\yii2\base\Application.php(380): yii\web\Application->handleRequest(Object(yii\web\Request))
#2 D:\angke-game_standard-master\game_standard-master\backend\web\index.php(17): yii\base\Application->run()
#3 {main}

Next exception 'yii\web\NotFoundHttpException' with message '页面未找到。' in D:\angke-game_standard-master\game_standard-master\vendor\yiisoft\yii2\web\Application.php:114
Stack trace:
#0 D:\angke-game_standard-master\game_standard-master\vendor\yiisoft\yii2\base\Application.php(380): yii\web\Application->handleRequest(Object(yii\web\Request))
#1 D:\angke-game_standard-master\game_standard-master\backend\web\index.php(17): yii\base\Application->run()
#2 {main}
2017-06-08 21:19:30 [127.0.0.1][-][-][info][application] $_COOKIE = [
    'advanced-backend' => '9qqfkumcrge5sn0c1aluf9pn45'
    '_token_backend_' => 'b2050b3be6c64a71cc179ae45d10b777f4519aa1dde302294fb8eb9480378278a:2:{i:0;s:15:\"_token_backend_\";i:1;s:32:\"pC7zDNGYi2vQj6PQ-QzwxoiGnviXQvDu\";}'
]

$_SERVER = [
    'PATH' => 'C:\\Windows\\system32;C:\\Windows;C:\\Windows\\System32\\Wbem;C:\\Windows\\System32\\WindowsPowerShell\\v1.0\\;C:\\Program Files (x86)\\NVIDIA Corporation\\PhysX\\Common;D:\\phpStudy\\php\\php-5.6.27-nts;C:\\ProgramData\\ComposerSetup\\bin;C:\\WINDOWS\\system32;C:\\WINDOWS;C:\\WINDOWS\\System32\\Wbem;C:\\WINDOWS\\System32\\WindowsPowerShell\\v1.0\\;C:\\Program Files\\Git\\cmd;C:\\Program Files\\TortoiseGit\\bin;C:\\Users\\gba12\\AppData\\Roaming\\Composer\\vendor\\bin;C:\\Users\\gba12\\AppData\\Local\\Microsoft\\WindowsApps;'
    'SYSTEMROOT' => 'C:\\WINDOWS'
    'COMSPEC' => 'C:\\WINDOWS\\system32\\cmd.exe'
    'PATHEXT' => '.COM;.EXE;.BAT;.CMD;.VBS;.VBE;.JS;.JSE;.WSF;.WSH;.MSC'
    'WINDIR' => 'C:\\WINDOWS'
    'PHP_FCGI_MAX_REQUESTS' => '1000'
    'PHPRC' => 'D:/phpStudy/php/php-5.6.27-nts/'
    '_FCGI_SHUTDOWN_EVENT_' => '2232'
    'SCRIPT_NAME' => '/index.php'
    'REQUEST_URI' => '/css/font.css'
    'QUERY_STRING' => ''
    'REQUEST_METHOD' => 'GET'
    'SERVER_PROTOCOL' => 'HTTP/1.1'
    'GATEWAY_INTERFACE' => 'CGI/1.1'
    'REDIRECT_URL' => '/css/font.css'
    'REMOTE_PORT' => '54169'
    'SCRIPT_FILENAME' => 'D:/angke-game_standard-master/game_standard-master/backend/web/index.php'
    'SERVER_ADMIN' => 'admin@phpStudy.net'
    'CONTEXT_DOCUMENT_ROOT' => 'D:/angke-game_standard-master/game_standard-master/backend/web'
    'CONTEXT_PREFIX' => ''
    'REQUEST_SCHEME' => 'http'
    'DOCUMENT_ROOT' => 'D:/angke-game_standard-master/game_standard-master/backend/web'
    'REMOTE_ADDR' => '127.0.0.1'
    'SERVER_PORT' => '80'
    'SERVER_ADDR' => '127.0.0.1'
    'SERVER_NAME' => 'www.daer.com'
    'SERVER_SOFTWARE' => 'Apache/2.4.23 (Win32) OpenSSL/1.0.2j mod_fcgid/2.3.9'
    'SERVER_SIGNATURE' => ''
    'SystemRoot' => 'C:\\WINDOWS'
    'HTTP_COOKIE' => 'advanced-backend=9qqfkumcrge5sn0c1aluf9pn45; _token_backend_=b2050b3be6c64a71cc179ae45d10b777f4519aa1dde302294fb8eb9480378278a%3A2%3A%7Bi%3A0%3Bs%3A15%3A%22_token_backend_%22%3Bi%3A1%3Bs%3A32%3A%22pC7zDNGYi2vQj6PQ-QzwxoiGnviXQvDu%22%3B%7D'
    'HTTP_ACCEPT_LANGUAGE' => 'zh-CN,zh;q=0.8'
    'HTTP_ACCEPT_ENCODING' => 'gzip, deflate'
    'HTTP_REFERER' => 'http://www.daer.com/login/login'
    'HTTP_ACCEPT' => 'text/css,*/*;q=0.1'
    'HTTP_USER_AGENT' => 'Mozilla/5.0 (Windows NT 10.0; WOW64) AppleWebKit/537.36 (KHTML, like Gecko) Chrome/59.0.3071.86 Safari/537.36'
    'HTTP_CONNECTION' => 'close'
    'HTTP_HOST' => 'www.daer.com'
    'REDIRECT_STATUS' => '200'
    'FCGI_ROLE' => 'RESPONDER'
    'PHP_SELF' => '/index.php'
    'REQUEST_TIME_FLOAT' => 1496927970.2447
    'REQUEST_TIME' => 1496927970
]
2017-06-08 21:19:32 [127.0.0.1][-][-][error][yii\web\HttpException:404] exception 'yii\base\InvalidRouteException' with message 'Unable to resolve the request "css/font.css".' in D:\angke-game_standard-master\game_standard-master\vendor\yiisoft\yii2\base\Module.php:532
Stack trace:
#0 D:\angke-game_standard-master\game_standard-master\vendor\yiisoft\yii2\web\Application.php(102): yii\base\Module->runAction('css/font.css', Array)
#1 D:\angke-game_standard-master\game_standard-master\vendor\yiisoft\yii2\base\Application.php(380): yii\web\Application->handleRequest(Object(yii\web\Request))
#2 D:\angke-game_standard-master\game_standard-master\backend\web\index.php(17): yii\base\Application->run()
#3 {main}

Next exception 'yii\web\NotFoundHttpException' with message '页面未找到。' in D:\angke-game_standard-master\game_standard-master\vendor\yiisoft\yii2\web\Application.php:114
Stack trace:
#0 D:\angke-game_standard-master\game_standard-master\vendor\yiisoft\yii2\base\Application.php(380): yii\web\Application->handleRequest(Object(yii\web\Request))
#1 D:\angke-game_standard-master\game_standard-master\backend\web\index.php(17): yii\base\Application->run()
#2 {main}
2017-06-08 21:19:32 [127.0.0.1][-][-][info][application] $_COOKIE = [
    'advanced-backend' => '9qqfkumcrge5sn0c1aluf9pn45'
    '_token_backend_' => 'b2050b3be6c64a71cc179ae45d10b777f4519aa1dde302294fb8eb9480378278a:2:{i:0;s:15:\"_token_backend_\";i:1;s:32:\"pC7zDNGYi2vQj6PQ-QzwxoiGnviXQvDu\";}'
]

$_SERVER = [
    'PATH' => 'C:\\Windows\\system32;C:\\Windows;C:\\Windows\\System32\\Wbem;C:\\Windows\\System32\\WindowsPowerShell\\v1.0\\;C:\\Program Files (x86)\\NVIDIA Corporation\\PhysX\\Common;D:\\phpStudy\\php\\php-5.6.27-nts;C:\\ProgramData\\ComposerSetup\\bin;C:\\WINDOWS\\system32;C:\\WINDOWS;C:\\WINDOWS\\System32\\Wbem;C:\\WINDOWS\\System32\\WindowsPowerShell\\v1.0\\;C:\\Program Files\\Git\\cmd;C:\\Program Files\\TortoiseGit\\bin;C:\\Users\\gba12\\AppData\\Roaming\\Composer\\vendor\\bin;C:\\Users\\gba12\\AppData\\Local\\Microsoft\\WindowsApps;'
    'SYSTEMROOT' => 'C:\\WINDOWS'
    'COMSPEC' => 'C:\\WINDOWS\\system32\\cmd.exe'
    'PATHEXT' => '.COM;.EXE;.BAT;.CMD;.VBS;.VBE;.JS;.JSE;.WSF;.WSH;.MSC'
    'WINDIR' => 'C:\\WINDOWS'
    'PHP_FCGI_MAX_REQUESTS' => '1000'
    'PHPRC' => 'D:/phpStudy/php/php-5.6.27-nts/'
    '_FCGI_SHUTDOWN_EVENT_' => '2232'
    'SCRIPT_NAME' => '/index.php'
    'REQUEST_URI' => '/css/font.css'
    'QUERY_STRING' => ''
    'REQUEST_METHOD' => 'GET'
    'SERVER_PROTOCOL' => 'HTTP/1.1'
    'GATEWAY_INTERFACE' => 'CGI/1.1'
    'REDIRECT_URL' => '/css/font.css'
    'REMOTE_PORT' => '54173'
    'SCRIPT_FILENAME' => 'D:/angke-game_standard-master/game_standard-master/backend/web/index.php'
    'SERVER_ADMIN' => 'admin@phpStudy.net'
    'CONTEXT_DOCUMENT_ROOT' => 'D:/angke-game_standard-master/game_standard-master/backend/web'
    'CONTEXT_PREFIX' => ''
    'REQUEST_SCHEME' => 'http'
    'DOCUMENT_ROOT' => 'D:/angke-game_standard-master/game_standard-master/backend/web'
    'REMOTE_ADDR' => '127.0.0.1'
    'SERVER_PORT' => '80'
    'SERVER_ADDR' => '127.0.0.1'
    'SERVER_NAME' => 'www.daer.com'
    'SERVER_SOFTWARE' => 'Apache/2.4.23 (Win32) OpenSSL/1.0.2j mod_fcgid/2.3.9'
    'SERVER_SIGNATURE' => ''
    'SystemRoot' => 'C:\\WINDOWS'
    'HTTP_COOKIE' => 'advanced-backend=9qqfkumcrge5sn0c1aluf9pn45; _token_backend_=b2050b3be6c64a71cc179ae45d10b777f4519aa1dde302294fb8eb9480378278a%3A2%3A%7Bi%3A0%3Bs%3A15%3A%22_token_backend_%22%3Bi%3A1%3Bs%3A32%3A%22pC7zDNGYi2vQj6PQ-QzwxoiGnviXQvDu%22%3B%7D'
    'HTTP_ACCEPT_LANGUAGE' => 'zh-CN,zh;q=0.8'
    'HTTP_ACCEPT_ENCODING' => 'gzip, deflate'
    'HTTP_REFERER' => 'http://www.daer.com/login/login'
    'HTTP_ACCEPT' => 'text/css,*/*;q=0.1'
    'HTTP_USER_AGENT' => 'Mozilla/5.0 (Windows NT 10.0; WOW64) AppleWebKit/537.36 (KHTML, like Gecko) Chrome/59.0.3071.86 Safari/537.36'
    'HTTP_CONNECTION' => 'close'
    'HTTP_HOST' => 'www.daer.com'
    'REDIRECT_STATUS' => '200'
    'FCGI_ROLE' => 'RESPONDER'
    'PHP_SELF' => '/index.php'
    'REQUEST_TIME_FLOAT' => 1496927972.3652
    'REQUEST_TIME' => 1496927972
]
2017-06-08 21:19:34 [127.0.0.1][-][-][error][yii\web\HttpException:404] exception 'yii\base\InvalidRouteException' with message 'Unable to resolve the request "css/font.css".' in D:\angke-game_standard-master\game_standard-master\vendor\yiisoft\yii2\base\Module.php:532
Stack trace:
#0 D:\angke-game_standard-master\game_standard-master\vendor\yiisoft\yii2\web\Application.php(102): yii\base\Module->runAction('css/font.css', Array)
#1 D:\angke-game_standard-master\game_standard-master\vendor\yiisoft\yii2\base\Application.php(380): yii\web\Application->handleRequest(Object(yii\web\Request))
#2 D:\angke-game_standard-master\game_standard-master\backend\web\index.php(17): yii\base\Application->run()
#3 {main}

Next exception 'yii\web\NotFoundHttpException' with message '页面未找到。' in D:\angke-game_standard-master\game_standard-master\vendor\yiisoft\yii2\web\Application.php:114
Stack trace:
#0 D:\angke-game_standard-master\game_standard-master\vendor\yiisoft\yii2\base\Application.php(380): yii\web\Application->handleRequest(Object(yii\web\Request))
#1 D:\angke-game_standard-master\game_standard-master\backend\web\index.php(17): yii\base\Application->run()
#2 {main}
2017-06-08 21:19:34 [127.0.0.1][-][-][info][application] $_COOKIE = [
    'advanced-backend' => '9qqfkumcrge5sn0c1aluf9pn45'
    '_token_backend_' => 'b2050b3be6c64a71cc179ae45d10b777f4519aa1dde302294fb8eb9480378278a:2:{i:0;s:15:\"_token_backend_\";i:1;s:32:\"pC7zDNGYi2vQj6PQ-QzwxoiGnviXQvDu\";}'
]

$_SERVER = [
    'PATH' => 'C:\\Windows\\system32;C:\\Windows;C:\\Windows\\System32\\Wbem;C:\\Windows\\System32\\WindowsPowerShell\\v1.0\\;C:\\Program Files (x86)\\NVIDIA Corporation\\PhysX\\Common;D:\\phpStudy\\php\\php-5.6.27-nts;C:\\ProgramData\\ComposerSetup\\bin;C:\\WINDOWS\\system32;C:\\WINDOWS;C:\\WINDOWS\\System32\\Wbem;C:\\WINDOWS\\System32\\WindowsPowerShell\\v1.0\\;C:\\Program Files\\Git\\cmd;C:\\Program Files\\TortoiseGit\\bin;C:\\Users\\gba12\\AppData\\Roaming\\Composer\\vendor\\bin;C:\\Users\\gba12\\AppData\\Local\\Microsoft\\WindowsApps;'
    'SYSTEMROOT' => 'C:\\WINDOWS'
    'COMSPEC' => 'C:\\WINDOWS\\system32\\cmd.exe'
    'PATHEXT' => '.COM;.EXE;.BAT;.CMD;.VBS;.VBE;.JS;.JSE;.WSF;.WSH;.MSC'
    'WINDIR' => 'C:\\WINDOWS'
    'PHP_FCGI_MAX_REQUESTS' => '1000'
    'PHPRC' => 'D:/phpStudy/php/php-5.6.27-nts/'
    '_FCGI_SHUTDOWN_EVENT_' => '2232'
    'SCRIPT_NAME' => '/index.php'
    'REQUEST_URI' => '/css/font.css'
    'QUERY_STRING' => ''
    'REQUEST_METHOD' => 'GET'
    'SERVER_PROTOCOL' => 'HTTP/1.1'
    'GATEWAY_INTERFACE' => 'CGI/1.1'
    'REDIRECT_URL' => '/css/font.css'
    'REMOTE_PORT' => '54176'
    'SCRIPT_FILENAME' => 'D:/angke-game_standard-master/game_standard-master/backend/web/index.php'
    'SERVER_ADMIN' => 'admin@phpStudy.net'
    'CONTEXT_DOCUMENT_ROOT' => 'D:/angke-game_standard-master/game_standard-master/backend/web'
    'CONTEXT_PREFIX' => ''
    'REQUEST_SCHEME' => 'http'
    'DOCUMENT_ROOT' => 'D:/angke-game_standard-master/game_standard-master/backend/web'
    'REMOTE_ADDR' => '127.0.0.1'
    'SERVER_PORT' => '80'
    'SERVER_ADDR' => '127.0.0.1'
    'SERVER_NAME' => 'www.daer.com'
    'SERVER_SOFTWARE' => 'Apache/2.4.23 (Win32) OpenSSL/1.0.2j mod_fcgid/2.3.9'
    'SERVER_SIGNATURE' => ''
    'SystemRoot' => 'C:\\WINDOWS'
    'HTTP_COOKIE' => 'advanced-backend=9qqfkumcrge5sn0c1aluf9pn45; _token_backend_=b2050b3be6c64a71cc179ae45d10b777f4519aa1dde302294fb8eb9480378278a%3A2%3A%7Bi%3A0%3Bs%3A15%3A%22_token_backend_%22%3Bi%3A1%3Bs%3A32%3A%22pC7zDNGYi2vQj6PQ-QzwxoiGnviXQvDu%22%3B%7D'
    'HTTP_ACCEPT_LANGUAGE' => 'zh-CN,zh;q=0.8'
    'HTTP_ACCEPT_ENCODING' => 'gzip, deflate'
    'HTTP_REFERER' => 'http://www.daer.com/login/login'
    'HTTP_ACCEPT' => 'text/css,*/*;q=0.1'
    'HTTP_USER_AGENT' => 'Mozilla/5.0 (Windows NT 10.0; WOW64) AppleWebKit/537.36 (KHTML, like Gecko) Chrome/59.0.3071.86 Safari/537.36'
    'HTTP_CONNECTION' => 'close'
    'HTTP_HOST' => 'www.daer.com'
    'REDIRECT_STATUS' => '200'
    'FCGI_ROLE' => 'RESPONDER'
    'PHP_SELF' => '/index.php'
    'REQUEST_TIME_FLOAT' => 1496927974.8074
    'REQUEST_TIME' => 1496927974
]
